[2020-05-13T00:01:21.227] [ERROR] access - ::1 - - "GET / HTTP/1.1" 500 1591 "" "Mozilla/5.0 (iPhone; CPU iPhone OS 13_2_3 like Mac OS X) AppleWebKit/605.1.15 (KHTML, like Gecko) Version/13.0.3 Mobile/15E148 Safari/604.1"
[2020-05-13T00:01:27.094] [ERROR] access - ::1 - - "GET / HTTP/1.1" 500 1591 "" "Mozilla/5.0 (iPhone; CPU iPhone OS 13_2_3 like Mac OS X) AppleWebKit/605.1.15 (KHTML, like Gecko) Version/13.0.3 Mobile/15E148 Safari/604.1"
[2020-05-13T00:02:09.663] [INFO] access - ::1 - - "GET / HTTP/1.1" 200 7498 "" "Mozilla/5.0 (iPhone; CPU iPhone OS 13_2_3 like Mac OS X) AppleWebKit/605.1.15 (KHTML, like Gecko) Version/13.0.3 Mobile/15E148 Safari/604.1"
[2020-05-13T00:02:09.978] [ERROR] access - ::1 - - "GET /public/development/third_party/mdbootstrap/js/popper.min.js.map HTTP/1.1" 404 202 "" "Mozilla/5.0 (iPhone; CPU iPhone OS 13_2_3 like Mac OS X) AppleWebKit/605.1.15 (KHTML, like Gecko) Version/13.0.3 Mobile/15E148 Safari/604.1"
[2020-05-13T00:02:09.979] [ERROR] access - ::1 - - "GET /public/development/third_party/mdbootstrap/js/bootstrap.min.js.map HTTP/1.1" 404 205 "" "Mozilla/5.0 (iPhone; CPU iPhone OS 13_2_3 like Mac OS X) AppleWebKit/605.1.15 (KHTML, like Gecko) Version/13.0.3 Mobile/15E148 Safari/604.1"
[2020-05-13T00:02:10.168] [ERROR] access - ::1 - - "GET /public/development/third_party/mdbootstrap/css/bootstrap.min.css.map HTTP/1.1" 404 207 "" "Mozilla/5.0 (iPhone; CPU iPhone OS 13_2_3 like Mac OS X) AppleWebKit/605.1.15 (KHTML, like Gecko) Version/13.0.3 Mobile/15E148 Safari/604.1"
[2020-05-13T00:08:47.691] [INFO] access - ::1 - - "GET / HTTP/1.1" 200 7380 "" "Mozilla/5.0 (iPhone; CPU iPhone OS 13_2_3 like Mac OS X) AppleWebKit/605.1.15 (KHTML, like Gecko) Version/13.0.3 Mobile/15E148 Safari/604.1"
[2020-05-13T00:08:48.235] [ERROR] access - ::1 - - "GET /public/development/third_party/mdbootstrap/js/popper.min.js.map HTTP/1.1" 404 202 "" "Mozilla/5.0 (iPhone; CPU iPhone OS 13_2_3 like Mac OS X) AppleWebKit/605.1.15 (KHTML, like Gecko) Version/13.0.3 Mobile/15E148 Safari/604.1"
[2020-05-13T00:08:48.240] [ERROR] access - ::1 - - "GET /public/development/third_party/mdbootstrap/js/bootstrap.min.js.map HTTP/1.1" 404 205 "" "Mozilla/5.0 (iPhone; CPU iPhone OS 13_2_3 like Mac OS X) AppleWebKit/605.1.15 (KHTML, like Gecko) Version/13.0.3 Mobile/15E148 Safari/604.1"
[2020-05-13T00:08:48.411] [ERROR] access - ::1 - - "GET /public/development/third_party/mdbootstrap/css/bootstrap.min.css.map HTTP/1.1" 404 207 "" "Mozilla/5.0 (iPhone; CPU iPhone OS 13_2_3 like Mac OS X) AppleWebKit/605.1.15 (KHTML, like Gecko) Version/13.0.3 Mobile/15E148 Safari/604.1"
[2020-05-13T00:15:32.228] [WARN] access - ::1 - - "GET / HTTP/1.1" 304 - "" "Mozilla/5.0 (iPhone; CPU iPhone OS 13_2_3 like Mac OS X) AppleWebKit/605.1.15 (KHTML, like Gecko) Version/13.0.3 Mobile/15E148 Safari/604.1"
[2020-05-13T00:15:32.594] [ERROR] access - ::1 - - "GET /public/development/third_party/mdbootstrap/js/popper.min.js.map HTTP/1.1" 404 202 "" "Mozilla/5.0 (iPhone; CPU iPhone OS 13_2_3 like Mac OS X) AppleWebKit/605.1.15 (KHTML, like Gecko) Version/13.0.3 Mobile/15E148 Safari/604.1"
[2020-05-13T00:15:32.595] [ERROR] access - ::1 - - "GET /public/development/third_party/mdbootstrap/js/bootstrap.min.js.map HTTP/1.1" 404 205 "" "Mozilla/5.0 (iPhone; CPU iPhone OS 13_2_3 like Mac OS X) AppleWebKit/605.1.15 (KHTML, like Gecko) Version/13.0.3 Mobile/15E148 Safari/604.1"
[2020-05-13T00:15:32.704] [ERROR] access - ::1 - - "GET /public/development/third_party/mdbootstrap/css/bootstrap.min.css.map HTTP/1.1" 404 207 "" "Mozilla/5.0 (iPhone; CPU iPhone OS 13_2_3 like Mac OS X) AppleWebKit/605.1.15 (KHTML, like Gecko) Version/13.0.3 Mobile/15E148 Safari/604.1"
[2020-05-13T00:15:39.565] [ERROR] access - ::1 - - "GET /contents/about HTTP/1.1" 404 153 "" "Mozilla/5.0 (iPhone; CPU iPhone OS 13_2_3 like Mac OS X) AppleWebKit/605.1.15 (KHTML, like Gecko) Version/13.0.3 Mobile/15E148 Safari/604.1"
[2020-05-13T00:15:58.913] [ERROR] access - ::1 - - "GET /contents/about HTTP/1.1" 404 153 "" "Mozilla/5.0 (iPhone; CPU iPhone OS 13_2_3 like Mac OS X) AppleWebKit/605.1.15 (KHTML, like Gecko) Version/13.0.3 Mobile/15E148 Safari/604.1"
[2020-05-13T00:16:09.970] [ERROR] access - ::1 - - "GET /contents/about HTTP/1.1" 404 153 "" "Mozilla/5.0 (iPhone; CPU iPhone OS 13_2_3 like Mac OS X) AppleWebKit/605.1.15 (KHTML, like Gecko) Version/13.0.3 Mobile/15E148 Safari/604.1"
[2020-05-13T00:16:10.646] [ERROR] access - ::1 - - "GET /contents/about HTTP/1.1" 404 153 "" "Mozilla/5.0 (iPhone; CPU iPhone OS 13_2_3 like Mac OS X) AppleWebKit/605.1.15 (KHTML, like Gecko) Version/13.0.3 Mobile/15E148 Safari/604.1"
[2020-05-13T00:16:11.042] [ERROR] access - ::1 - - "GET /contents/about HTTP/1.1" 404 153 "" "Mozilla/5.0 (iPhone; CPU iPhone OS 13_2_3 like Mac OS X) AppleWebKit/605.1.15 (KHTML, like Gecko) Version/13.0.3 Mobile/15E148 Safari/604.1"
[2020-05-13T00:16:21.842] [ERROR] access - ::1 - - "GET /contents/works HTTP/1.1" 500 1426 "" "Mozilla/5.0 (iPhone; CPU iPhone OS 13_2_3 like Mac OS X) AppleWebKit/605.1.15 (KHTML, like Gecko) Version/13.0.3 Mobile/15E148 Safari/604.1"
[2020-05-13T00:16:29.690] [ERROR] access - ::1 - - "GET /contents/works HTTP/1.1" 500 1426 "" "Mozilla/5.0 (iPhone; CPU iPhone OS 13_2_3 like Mac OS X) AppleWebKit/605.1.15 (KHTML, like Gecko) Version/13.0.3 Mobile/15E148 Safari/604.1"
[2020-05-13T00:16:32.112] [ERROR] access - ::1 - - "GET /contents/works HTTP/1.1" 500 1426 "" "Mozilla/5.0 (iPhone; CPU iPhone OS 13_2_3 like Mac OS X) AppleWebKit/605.1.15 (KHTML, like Gecko) Version/13.0.3 Mobile/15E148 Safari/604.1"
[2020-05-13T00:16:42.863] [ERROR] access - ::1 - - "GET /contents/works HTTP/1.1" 500 1689 "" "Mozilla/5.0 (iPhone; CPU iPhone OS 13_2_3 like Mac OS X) AppleWebKit/605.1.15 (KHTML, like Gecko) Version/13.0.3 Mobile/15E148 Safari/604.1"
[2020-05-13T00:18:11.801] [ERROR] access - ::1 - - "GET /contents/works HTTP/1.1" 404 153 "" "Mozilla/5.0 (iPhone; CPU iPhone OS 13_2_3 like Mac OS X) AppleWebKit/605.1.15 (KHTML, like Gecko) Version/13.0.3 Mobile/15E148 Safari/604.1"
[2020-05-13T00:18:17.662] [ERROR] access - ::1 - - "GET /contents/works HTTP/1.1" 404 153 "" "Mozilla/5.0 (iPhone; CPU iPhone OS 13_2_3 like Mac OS X) AppleWebKit/605.1.15 (KHTML, like Gecko) Version/13.0.3 Mobile/15E148 Safari/604.1"
[2020-05-13T00:18:44.775] [INFO] access - ::1 - - "GET /works HTTP/1.1" 200 2599 "" "Mozilla/5.0 (iPhone; CPU iPhone OS 13_2_3 like Mac OS X) AppleWebKit/605.1.15 (KHTML, like Gecko) Version/13.0.3 Mobile/15E148 Safari/604.1"
[2020-05-13T00:18:45.103] [ERROR] access - ::1 - - "GET /public/development/third_party/mdbootstrap/js/popper.min.js.map HTTP/1.1" 404 202 "" "Mozilla/5.0 (iPhone; CPU iPhone OS 13_2_3 like Mac OS X) AppleWebKit/605.1.15 (KHTML, like Gecko) Version/13.0.3 Mobile/15E148 Safari/604.1"
[2020-05-13T00:18:45.117] [ERROR] access - ::1 - - "GET /public/development/third_party/mdbootstrap/js/bootstrap.min.js.map HTTP/1.1" 404 205 "" "Mozilla/5.0 (iPhone; CPU iPhone OS 13_2_3 like Mac OS X) AppleWebKit/605.1.15 (KHTML, like Gecko) Version/13.0.3 Mobile/15E148 Safari/604.1"
[2020-05-13T00:18:45.167] [ERROR] access - ::1 - - "GET /public/development/third_party/mdbootstrap/css/bootstrap.min.css.map HTTP/1.1" 404 207 "" "Mozilla/5.0 (iPhone; CPU iPhone OS 13_2_3 like Mac OS X) AppleWebKit/605.1.15 (KHTML, like Gecko) Version/13.0.3 Mobile/15E148 Safari/604.1"
[2020-05-13T00:19:19.216] [ERROR] access - ::1 - - "GET /works HTTP/1.1" 404 144 "" "Mozilla/5.0 (iPhone; CPU iPhone OS 13_2_3 like Mac OS X) AppleWebKit/605.1.15 (KHTML, like Gecko) Version/13.0.3 Mobile/15E148 Safari/604.1"
[2020-05-13T00:19:20.185] [ERROR] access - ::1 - - "GET /works HTTP/1.1" 404 144 "" "Mozilla/5.0 (iPhone; CPU iPhone OS 13_2_3 like Mac OS X) AppleWebKit/605.1.15 (KHTML, like Gecko) Version/13.0.3 Mobile/15E148 Safari/604.1"
[2020-05-13T00:19:27.917] [ERROR] access - ::1 - - "GET /works HTTP/1.1" 404 144 "" "Mozilla/5.0 (iPhone; CPU iPhone OS 13_2_3 like Mac OS X) AppleWebKit/605.1.15 (KHTML, like Gecko) Version/13.0.3 Mobile/15E148 Safari/604.1"
[2020-05-13T00:19:42.596] [ERROR] access - ::1 - - "GET /contents/works HTTP/1.1" 500 1689 "" "Mozilla/5.0 (iPhone; CPU iPhone OS 13_2_3 like Mac OS X) AppleWebKit/605.1.15 (KHTML, like Gecko) Version/13.0.3 Mobile/15E148 Safari/604.1"
[2020-05-13T00:19:51.404] [ERROR] access - ::1 - - "GET /contents/works HTTP/1.1" 500 1426 "" "Mozilla/5.0 (iPhone; CPU iPhone OS 13_2_3 like Mac OS X) AppleWebKit/605.1.15 (KHTML, like Gecko) Version/13.0.3 Mobile/15E148 Safari/604.1"
[2020-05-13T00:19:56.859] [ERROR] access - ::1 - - "GET /contents/works HTTP/1.1" 404 153 "" "Mozilla/5.0 (iPhone; CPU iPhone OS 13_2_3 like Mac OS X) AppleWebKit/605.1.15 (KHTML, like Gecko) Version/13.0.3 Mobile/15E148 Safari/604.1"
[2020-05-13T00:19:58.808] [ERROR] access - ::1 - - "GET /contents/works HTTP/1.1" 404 153 "" "Mozilla/5.0 (iPhone; CPU iPhone OS 13_2_3 like Mac OS X) AppleWebKit/605.1.15 (KHTML, like Gecko) Version/13.0.3 Mobile/15E148 Safari/604.1"
[2020-05-13T00:20:21.539] [ERROR] access - ::1 - - "GET /contents/works HTTP/1.1" 500 1426 "" "Mozilla/5.0 (iPhone; CPU iPhone OS 13_2_3 like Mac OS X) AppleWebKit/605.1.15 (KHTML, like Gecko) Version/13.0.3 Mobile/15E148 Safari/604.1"
[2020-05-13T00:20:24.391] [ERROR] access - ::1 - - "GET /contents/works.pug HTTP/1.1" 404 157 "" "Mozilla/5.0 (iPhone; CPU iPhone OS 13_2_3 like Mac OS X) AppleWebKit/605.1.15 (KHTML, like Gecko) Version/13.0.3 Mobile/15E148 Safari/604.1"
[2020-05-13T00:20:31.942] [ERROR] access - ::1 - - "GET /contents/works.pug HTTP/1.1" 404 157 "" "Mozilla/5.0 (iPhone; CPU iPhone OS 13_2_3 like Mac OS X) AppleWebKit/605.1.15 (KHTML, like Gecko) Version/13.0.3 Mobile/15E148 Safari/604.1"
[2020-05-13T00:20:39.089] [WARN] access - ::1 - - "GET / HTTP/1.1" 304 - "" "Mozilla/5.0 (iPhone; CPU iPhone OS 13_2_3 like Mac OS X) AppleWebKit/605.1.15 (KHTML, like Gecko) Version/13.0.3 Mobile/15E148 Safari/604.1"
[2020-05-13T00:20:39.338] [ERROR] access - ::1 - - "GET /public/development/third_party/mdbootstrap/css/bootstrap.min.css.map HTTP/1.1" 404 207 "" "Mozilla/5.0 (iPhone; CPU iPhone OS 13_2_3 like Mac OS X) AppleWebKit/605.1.15 (KHTML, like Gecko) Version/13.0.3 Mobile/15E148 Safari/604.1"
[2020-05-13T00:20:39.406] [ERROR] access - ::1 - - "GET /public/development/third_party/mdbootstrap/js/popper.min.js.map HTTP/1.1" 404 202 "" "Mozilla/5.0 (iPhone; CPU iPhone OS 13_2_3 like Mac OS X) AppleWebKit/605.1.15 (KHTML, like Gecko) Version/13.0.3 Mobile/15E148 Safari/604.1"
[2020-05-13T00:20:39.421] [ERROR] access - ::1 - - "GET /public/development/third_party/mdbootstrap/js/bootstrap.min.js.map HTTP/1.1" 404 205 "" "Mozilla/5.0 (iPhone; CPU iPhone OS 13_2_3 like Mac OS X) AppleWebKit/605.1.15 (KHTML, like Gecko) Version/13.0.3 Mobile/15E148 Safari/604.1"
[2020-05-13T00:21:12.213] [INFO] access - ::1 - - "GET / HTTP/1.1" 200 7404 "" "Mozilla/5.0 (iPhone; CPU iPhone OS 13_2_3 like Mac OS X) AppleWebKit/605.1.15 (KHTML, like Gecko) Version/13.0.3 Mobile/15E148 Safari/604.1"
[2020-05-13T00:21:12.839] [ERROR] access - ::1 - - "GET /public/development/third_party/mdbootstrap/js/popper.min.js.map HTTP/1.1" 404 202 "" "Mozilla/5.0 (iPhone; CPU iPhone OS 13_2_3 like Mac OS X) AppleWebKit/605.1.15 (KHTML, like Gecko) Version/13.0.3 Mobile/15E148 Safari/604.1"
[2020-05-13T00:21:12.843] [ERROR] access - ::1 - - "GET /public/development/third_party/mdbootstrap/js/bootstrap.min.js.map HTTP/1.1" 404 205 "" "Mozilla/5.0 (iPhone; CPU iPhone OS 13_2_3 like Mac OS X) AppleWebKit/605.1.15 (KHTML, like Gecko) Version/13.0.3 Mobile/15E148 Safari/604.1"
[2020-05-13T00:21:12.897] [ERROR] access - ::1 - - "GET /public/development/third_party/mdbootstrap/css/bootstrap.min.css.map HTTP/1.1" 404 207 "" "Mozilla/5.0 (iPhone; CPU iPhone OS 13_2_3 like Mac OS X) AppleWebKit/605.1.15 (KHTML, like Gecko) Version/13.0.3 Mobile/15E148 Safari/604.1"
[2020-05-13T00:21:14.453] [ERROR] access - ::1 - - "GET /views/contents/works.pug HTTP/1.1" 404 163 "http://localhost:3000/" "Mozilla/5.0 (iPhone; CPU iPhone OS 13_2_3 like Mac OS X) AppleWebKit/605.1.15 (KHTML, like Gecko) Version/13.0.3 Mobile/15E148 Safari/604.1"
[2020-05-13T00:21:38.083] [ERROR] access - ::1 - - "GET /views/contents/works.pug HTTP/1.1" 404 163 "http://localhost:3000/" "Mozilla/5.0 (iPhone; CPU iPhone OS 13_2_3 like Mac OS X) AppleWebKit/605.1.15 (KHTML, like Gecko) Version/13.0.3 Mobile/15E148 Safari/604.1"
[2020-05-13T00:21:38.888] [ERROR] access - ::1 - - "GET /views/contents/works.pug HTTP/1.1" 404 163 "http://localhost:3000/" "Mozilla/5.0 (iPhone; CPU iPhone OS 13_2_3 like Mac OS X) AppleWebKit/605.1.15 (KHTML, like Gecko) Version/13.0.3 Mobile/15E148 Safari/604.1"
[2020-05-13T00:21:49.307] [ERROR] access - ::1 - - "GET /views/contents/works.pug HTTP/1.1" 404 163 "http://localhost:3000/" "Mozilla/5.0 (iPhone; CPU iPhone OS 13_2_3 like Mac OS X) AppleWebKit/605.1.15 (KHTML, like Gecko) Version/13.0.3 Mobile/15E148 Safari/604.1"
[2020-05-13T00:21:49.986] [ERROR] access - ::1 - - "GET /views/contents/works.pug HTTP/1.1" 404 163 "http://localhost:3000/" "Mozilla/5.0 (iPhone; CPU iPhone OS 13_2_3 like Mac OS X) AppleWebKit/605.1.15 (KHTML, like Gecko) Version/13.0.3 Mobile/15E148 Safari/604.1"
[2020-05-13T00:21:51.755] [ERROR] access - ::1 - - "GET /views/contents/works.pug HTTP/1.1" 404 163 "" "Mozilla/5.0 (iPhone; CPU iPhone OS 13_2_3 like Mac OS X) AppleWebKit/605.1.15 (KHTML, like Gecko) Version/13.0.3 Mobile/15E148 Safari/604.1"
[2020-05-13T00:22:17.920] [ERROR] access - ::1 - - "GET /views/contents/works.pug HTTP/1.1" 404 163 "" "Mozilla/5.0 (iPhone; CPU iPhone OS 13_2_3 like Mac OS X) AppleWebKit/605.1.15 (KHTML, like Gecko) Version/13.0.3 Mobile/15E148 Safari/604.1"
[2020-05-13T00:22:26.480] [ERROR] access - ::1 - - "GET /views/contents/works.pug HTTP/1.1" 404 163 "" "Mozilla/5.0 (iPhone; CPU iPhone OS 13_2_3 like Mac OS X) AppleWebKit/605.1.15 (KHTML, like Gecko) Version/13.0.3 Mobile/15E148 Safari/604.1"
[2020-05-13T00:22:27.257] [ERROR] access - ::1 - - "GET /views/contents/works.pug HTTP/1.1" 404 163 "" "Mozilla/5.0 (iPhone; CPU iPhone OS 13_2_3 like Mac OS X) AppleWebKit/605.1.15 (KHTML, like Gecko) Version/13.0.3 Mobile/15E148 Safari/604.1"
[2020-05-13T00:24:26.402] [ERROR] access - ::1 - - "GET /views/contents/works.pug HTTP/1.1" 404 163 "" "Mozilla/5.0 (iPhone; CPU iPhone OS 13_2_3 like Mac OS X) AppleWebKit/605.1.15 (KHTML, like Gecko) Version/13.0.3 Mobile/15E148 Safari/604.1"
[2020-05-13T00:24:48.846] [ERROR] access - ::1 - - "GET /contents/works HTTP/1.1" 404 153 "" "Mozilla/5.0 (iPhone; CPU iPhone OS 13_2_3 like Mac OS X) AppleWebKit/605.1.15 (KHTML, like Gecko) Version/13.0.3 Mobile/15E148 Safari/604.1"
[2020-05-13T00:25:58.705] [ERROR] access - ::1 - - "GET /contents/works HTTP/1.1" 404 153 "" "Mozilla/5.0 (iPhone; CPU iPhone OS 13_2_3 like Mac OS X) AppleWebKit/605.1.15 (KHTML, like Gecko) Version/13.0.3 Mobile/15E148 Safari/604.1"
[2020-05-13T00:26:07.784] [INFO] access - ::1 - - "GET /views/contents/works HTTP/1.1" 200 21 "" "Mozilla/5.0 (iPhone; CPU iPhone OS 13_2_3 like Mac OS X) AppleWebKit/605.1.15 (KHTML, like Gecko) Version/13.0.3 Mobile/15E148 Safari/604.1"
[2020-05-13T00:26:30.948] [ERROR] access - ::1 - - "GET /views/contents/works HTTP/1.1" 500 1699 "" "Mozilla/5.0 (iPhone; CPU iPhone OS 13_2_3 like Mac OS X) AppleWebKit/605.1.15 (KHTML, like Gecko) Version/13.0.3 Mobile/15E148 Safari/604.1"
[2020-05-13T00:26:36.719] [ERROR] access - ::1 - - "GET /views/contents/works HTTP/1.1" 500 1703 "" "Mozilla/5.0 (iPhone; CPU iPhone OS 13_2_3 like Mac OS X) AppleWebKit/605.1.15 (KHTML, like Gecko) Version/13.0.3 Mobile/15E148 Safari/604.1"
[2020-05-13T00:27:19.073] [ERROR] access - ::1 - - "GET /views/contents/works HTTP/1.1" 404 159 "" "Mozilla/5.0 (iPhone; CPU iPhone OS 13_2_3 like Mac OS X) AppleWebKit/605.1.15 (KHTML, like Gecko) Version/13.0.3 Mobile/15E148 Safari/604.1"
[2020-05-13T00:27:28.347] [ERROR] access - ::1 - - "GET /views/contents HTTP/1.1" 500 1703 "" "Mozilla/5.0 (iPhone; CPU iPhone OS 13_2_3 like Mac OS X) AppleWebKit/605.1.15 (KHTML, like Gecko) Version/13.0.3 Mobile/15E148 Safari/604.1"
[2020-05-13T00:27:36.910] [ERROR] access - ::1 - - "GET /views/contents HTTP/1.1" 404 153 "" "Mozilla/5.0 (iPhone; CPU iPhone OS 13_2_3 like Mac OS X) AppleWebKit/605.1.15 (KHTML, like Gecko) Version/13.0.3 Mobile/15E148 Safari/604.1"
[2020-05-13T00:27:50.875] [ERROR] access - ::1 - - "GET /views/contents HTTP/1.1" 404 153 "" "Mozilla/5.0 (iPhone; CPU iPhone OS 13_2_3 like Mac OS X) AppleWebKit/605.1.15 (KHTML, like Gecko) Version/13.0.3 Mobile/15E148 Safari/604.1"
[2020-05-13T00:27:52.130] [ERROR] access - ::1 - - "GET /views/contents HTTP/1.1" 404 153 "" "Mozilla/5.0 (iPhone; CPU iPhone OS 13_2_3 like Mac OS X) AppleWebKit/605.1.15 (KHTML, like Gecko) Version/13.0.3 Mobile/15E148 Safari/604.1"
[2020-05-13T00:28:00.051] [ERROR] access - ::1 - - "GET /views/contents HTTP/1.1" 404 153 "" "Mozilla/5.0 (iPhone; CPU iPhone OS 13_2_3 like Mac OS X) AppleWebKit/605.1.15 (KHTML, like Gecko) Version/13.0.3 Mobile/15E148 Safari/604.1"
[2020-05-13T00:28:00.707] [ERROR] access - ::1 - - "GET /views/contents HTTP/1.1" 404 153 "" "Mozilla/5.0 (iPhone; CPU iPhone OS 13_2_3 like Mac OS X) AppleWebKit/605.1.15 (KHTML, like Gecko) Version/13.0.3 Mobile/15E148 Safari/604.1"
[2020-05-13T00:28:07.004] [ERROR] access - ::1 - - "GET /views/contents HTTP/1.1" 404 153 "" "Mozilla/5.0 (iPhone; CPU iPhone OS 13_2_3 like Mac OS X) AppleWebKit/605.1.15 (KHTML, like Gecko) Version/13.0.3 Mobile/15E148 Safari/604.1"
[2020-05-13T00:28:07.597] [ERROR] access - ::1 - - "GET /views/contents HTTP/1.1" 404 153 "" "Mozilla/5.0 (iPhone; CPU iPhone OS 13_2_3 like Mac OS X) AppleWebKit/605.1.15 (KHTML, like Gecko) Version/13.0.3 Mobile/15E148 Safari/604.1"
[2020-05-13T00:28:08.068] [ERROR] access - ::1 - - "GET /views/contents HTTP/1.1" 404 153 "" "Mozilla/5.0 (iPhone; CPU iPhone OS 13_2_3 like Mac OS X) AppleWebKit/605.1.15 (KHTML, like Gecko) Version/13.0.3 Mobile/15E148 Safari/604.1"
[2020-05-13T00:28:08.476] [ERROR] access - ::1 - - "GET /views/contents HTTP/1.1" 404 153 "" "Mozilla/5.0 (iPhone; CPU iPhone OS 13_2_3 like Mac OS X) AppleWebKit/605.1.15 (KHTML, like Gecko) Version/13.0.3 Mobile/15E148 Safari/604.1"
[2020-05-13T00:30:13.330] [ERROR] access - ::1 - - "GET /views/contents HTTP/1.1" 404 153 "" "Mozilla/5.0 (iPhone; CPU iPhone OS 13_2_3 like Mac OS X) AppleWebKit/605.1.15 (KHTML, like Gecko) Version/13.0.3 Mobile/15E148 Safari/604.1"
[2020-05-13T00:30:25.556] [ERROR] access - ::1 - - "GET /views/contents HTTP/1.1" 404 153 "" "Mozilla/5.0 (iPhone; CPU iPhone OS 13_2_3 like Mac OS X) AppleWebKit/605.1.15 (KHTML, like Gecko) Version/13.0.3 Mobile/15E148 Safari/604.1"
[2020-05-13T00:30:30.532] [WARN] access - ::1 - - "GET / HTTP/1.1" 304 - "" "Mozilla/5.0 (iPhone; CPU iPhone OS 13_2_3 like Mac OS X) AppleWebKit/605.1.15 (KHTML, like Gecko) Version/13.0.3 Mobile/15E148 Safari/604.1"
[2020-05-13T00:30:30.993] [ERROR] access - ::1 - - "GET /public/development/third_party/mdbootstrap/css/bootstrap.min.css.map HTTP/1.1" 404 207 "" "Mozilla/5.0 (iPhone; CPU iPhone OS 13_2_3 like Mac OS X) AppleWebKit/605.1.15 (KHTML, like Gecko) Version/13.0.3 Mobile/15E148 Safari/604.1"
[2020-05-13T00:30:31.133] [ERROR] access - ::1 - - "GET /public/development/third_party/mdbootstrap/js/popper.min.js.map HTTP/1.1" 404 202 "" "Mozilla/5.0 (iPhone; CPU iPhone OS 13_2_3 like Mac OS X) AppleWebKit/605.1.15 (KHTML, like Gecko) Version/13.0.3 Mobile/15E148 Safari/604.1"
[2020-05-13T00:30:31.206] [ERROR] access - ::1 - - "GET /public/development/third_party/mdbootstrap/js/bootstrap.min.js.map HTTP/1.1" 404 205 "" "Mozilla/5.0 (iPhone; CPU iPhone OS 13_2_3 like Mac OS X) AppleWebKit/605.1.15 (KHTML, like Gecko) Version/13.0.3 Mobile/15E148 Safari/604.1"
[2020-05-13T00:34:08.410] [INFO] access - ::1 - - "GET / HTTP/1.1" 200 7391 "" "Mozilla/5.0 (iPhone; CPU iPhone OS 13_2_3 like Mac OS X) AppleWebKit/605.1.15 (KHTML, like Gecko) Version/13.0.3 Mobile/15E148 Safari/604.1"
[2020-05-13T00:34:09.052] [ERROR] access - ::1 - - "GET /public/development/third_party/mdbootstrap/js/popper.min.js.map HTTP/1.1" 404 202 "" "Mozilla/5.0 (iPhone; CPU iPhone OS 13_2_3 like Mac OS X) AppleWebKit/605.1.15 (KHTML, like Gecko) Version/13.0.3 Mobile/15E148 Safari/604.1"
[2020-05-13T00:34:09.057] [ERROR] access - ::1 - - "GET /public/development/third_party/mdbootstrap/js/bootstrap.min.js.map HTTP/1.1" 404 205 "" "Mozilla/5.0 (iPhone; CPU iPhone OS 13_2_3 like Mac OS X) AppleWebKit/605.1.15 (KHTML, like Gecko) Version/13.0.3 Mobile/15E148 Safari/604.1"
[2020-05-13T00:34:09.148] [ERROR] access - ::1 - - "GET /public/development/third_party/mdbootstrap/css/bootstrap.min.css.map HTTP/1.1" 404 207 "" "Mozilla/5.0 (iPhone; CPU iPhone OS 13_2_3 like Mac OS X) AppleWebKit/605.1.15 (KHTML, like Gecko) Version/13.0.3 Mobile/15E148 Safari/604.1"
[2020-05-13T00:34:10.672] [ERROR] access - ::1 - - "GET /works.pug HTTP/1.1" 404 148 "http://localhost:3000/" "Mozilla/5.0 (iPhone; CPU iPhone OS 13_2_3 like Mac OS X) AppleWebKit/605.1.15 (KHTML, like Gecko) Version/13.0.3 Mobile/15E148 Safari/604.1"
[2020-05-13T00:34:19.535] [ERROR] access - ::1 - - "GET /works.pug HTTP/1.1" 404 148 "http://localhost:3000/" "Mozilla/5.0 (iPhone; CPU iPhone OS 13_2_3 like Mac OS X) AppleWebKit/605.1.15 (KHTML, like Gecko) Version/13.0.3 Mobile/15E148 Safari/604.1"
[2020-05-13T00:34:21.446] [ERROR] access - ::1 - - "GET /public/development/third_party/mdbootstrap/css/bootstrap.min.css.map HTTP/1.1" 404 207 "" "Mozilla/5.0 (iPhone; CPU iPhone OS 13_2_3 like Mac OS X) AppleWebKit/605.1.15 (KHTML, like Gecko) Version/13.0.3 Mobile/15E148 Safari/604.1"
[2020-05-13T00:34:21.500] [ERROR] access - ::1 - - "GET /public/development/third_party/mdbootstrap/js/popper.min.js.map HTTP/1.1" 404 202 "" "Mozilla/5.0 (iPhone; CPU iPhone OS 13_2_3 like Mac OS X) AppleWebKit/605.1.15 (KHTML, like Gecko) Version/13.0.3 Mobile/15E148 Safari/604.1"
[2020-05-13T00:34:21.502] [ERROR] access - ::1 - - "GET /public/development/third_party/mdbootstrap/js/bootstrap.min.js.map HTTP/1.1" 404 205 "" "Mozilla/5.0 (iPhone; CPU iPhone OS 13_2_3 like Mac OS X) AppleWebKit/605.1.15 (KHTML, like Gecko) Version/13.0.3 Mobile/15E148 Safari/604.1"
[2020-05-13T00:34:23.803] [ERROR] access - ::1 - - "GET /works.pug HTTP/1.1" 404 148 "http://localhost:3000/" "Mozilla/5.0 (iPhone; CPU iPhone OS 13_2_3 like Mac OS X) AppleWebKit/605.1.15 (KHTML, like Gecko) Version/13.0.3 Mobile/15E148 Safari/604.1"
[2020-05-13T00:34:32.260] [ERROR] access - ::1 - - "GET /works.pug HTTP/1.1" 404 148 "http://localhost:3000/" "Mozilla/5.0 (iPhone; CPU iPhone OS 13_2_3 like Mac OS X) AppleWebKit/605.1.15 (KHTML, like Gecko) Version/13.0.3 Mobile/15E148 Safari/604.1"
[2020-05-13T00:34:34.418] [ERROR] access - ::1 - - "GET /works.pug HTTP/1.1" 404 148 "http://localhost:3000/" "Mozilla/5.0 (iPhone; CPU iPhone OS 13_2_3 like Mac OS X) AppleWebKit/605.1.15 (KHTML, like Gecko) Version/13.0.3 Mobile/15E148 Safari/604.1"
[2020-05-13T00:34:35.225] [ERROR] access - ::1 - - "GET /works.pug HTTP/1.1" 404 148 "http://localhost:3000/" "Mozilla/5.0 (iPhone; CPU iPhone OS 13_2_3 like Mac OS X) AppleWebKit/605.1.15 (KHTML, like Gecko) Version/13.0.3 Mobile/15E148 Safari/604.1"
[2020-05-13T00:34:40.143] [ERROR] access - ::1 - - "GET /works HTTP/1.1" 500 1688 "" "Mozilla/5.0 (iPhone; CPU iPhone OS 13_2_3 like Mac OS X) AppleWebKit/605.1.15 (KHTML, like Gecko) Version/13.0.3 Mobile/15E148 Safari/604.1"
[2020-05-13T00:34:51.506] [ERROR] access - ::1 - - "GET /works HTTP/1.1" 500 1684 "" "Mozilla/5.0 (iPhone; CPU iPhone OS 13_2_3 like Mac OS X) AppleWebKit/605.1.15 (KHTML, like Gecko) Version/13.0.3 Mobile/15E148 Safari/604.1"
[2020-05-13T00:34:54.920] [ERROR] access - ::1 - - "GET /public/development/third_party/mdbootstrap/js/popper.min.js.map HTTP/1.1" 404 202 "" "Mozilla/5.0 (iPhone; CPU iPhone OS 13_2_3 like Mac OS X) AppleWebKit/605.1.15 (KHTML, like Gecko) Version/13.0.3 Mobile/15E148 Safari/604.1"
[2020-05-13T00:34:54.923] [ERROR] access - ::1 - - "GET /public/development/third_party/mdbootstrap/js/bootstrap.min.js.map HTTP/1.1" 404 205 "" "Mozilla/5.0 (iPhone; CPU iPhone OS 13_2_3 like Mac OS X) AppleWebKit/605.1.15 (KHTML, like Gecko) Version/13.0.3 Mobile/15E148 Safari/604.1"
[2020-05-13T00:34:55.054] [ERROR] access - ::1 - - "GET /public/development/third_party/mdbootstrap/css/bootstrap.min.css.map HTTP/1.1" 404 207 "" "Mozilla/5.0 (iPhone; CPU iPhone OS 13_2_3 like Mac OS X) AppleWebKit/605.1.15 (KHTML, like Gecko) Version/13.0.3 Mobile/15E148 Safari/604.1"
[2020-05-13T00:34:57.394] [ERROR] access - ::1 - - "GET /works.pug HTTP/1.1" 404 148 "http://localhost:3000/" "Mozilla/5.0 (iPhone; CPU iPhone OS 13_2_3 like Mac OS X) AppleWebKit/605.1.15 (KHTML, like Gecko) Version/13.0.3 Mobile/15E148 Safari/604.1"
[2020-05-13T00:36:14.264] [ERROR] access - ::1 - - "GET /works.pug HTTP/1.1" 404 148 "http://localhost:3000/" "Mozilla/5.0 (iPhone; CPU iPhone OS 13_2_3 like Mac OS X) AppleWebKit/605.1.15 (KHTML, like Gecko) Version/13.0.3 Mobile/15E148 Safari/604.1"
[2020-05-13T00:36:16.446] [ERROR] access - ::1 - - "GET /works.pug HTTP/1.1" 404 148 "" "Mozilla/5.0 (iPhone; CPU iPhone OS 13_2_3 like Mac OS X) AppleWebKit/605.1.15 (KHTML, like Gecko) Version/13.0.3 Mobile/15E148 Safari/604.1"
[2020-05-13T00:36:20.881] [ERROR] access - ::1 - - "GET /works HTTP/1.1" 500 1688 "" "Mozilla/5.0 (iPhone; CPU iPhone OS 13_2_3 like Mac OS X) AppleWebKit/605.1.15 (KHTML, like Gecko) Version/13.0.3 Mobile/15E148 Safari/604.1"
[2020-05-13T00:36:45.626] [INFO] access - ::1 - - "GET /works HTTP/1.1" 200 6 "" "Mozilla/5.0 (iPhone; CPU iPhone OS 13_2_3 like Mac OS X) AppleWebKit/605.1.15 (KHTML, like Gecko) Version/13.0.3 Mobile/15E148 Safari/604.1"
[2020-05-13T00:37:14.164] [INFO] access - ::1 - - "GET /works HTTP/1.1" 200 2606 "" "Mozilla/5.0 (iPhone; CPU iPhone OS 13_2_3 like Mac OS X) AppleWebKit/605.1.15 (KHTML, like Gecko) Version/13.0.3 Mobile/15E148 Safari/604.1"
[2020-05-13T00:37:14.566] [ERROR] access - ::1 - - "GET /public/development/third_party/mdbootstrap/js/popper.min.js.map HTTP/1.1" 404 202 "" "Mozilla/5.0 (iPhone; CPU iPhone OS 13_2_3 like Mac OS X) AppleWebKit/605.1.15 (KHTML, like Gecko) Version/13.0.3 Mobile/15E148 Safari/604.1"
[2020-05-13T00:37:14.569] [ERROR] access - ::1 - - "GET /public/development/third_party/mdbootstrap/js/bootstrap.min.js.map HTTP/1.1" 404 205 "" "Mozilla/5.0 (iPhone; CPU iPhone OS 13_2_3 like Mac OS X) AppleWebKit/605.1.15 (KHTML, like Gecko) Version/13.0.3 Mobile/15E148 Safari/604.1"
[2020-05-13T00:37:14.642] [ERROR] access - ::1 - - "GET /public/development/third_party/mdbootstrap/css/bootstrap.min.css.map HTTP/1.1" 404 207 "" "Mozilla/5.0 (iPhone; CPU iPhone OS 13_2_3 like Mac OS X) AppleWebKit/605.1.15 (KHTML, like Gecko) Version/13.0.3 Mobile/15E148 Safari/604.1"
[2020-05-13T00:37:22.462] [WARN] access - ::1 - - "GET /works HTTP/1.1" 304 - "" "Mozilla/5.0 (iPhone; CPU iPhone OS 13_2_3 like Mac OS X) AppleWebKit/605.1.15 (KHTML, like Gecko) Version/13.0.3 Mobile/15E148 Safari/604.1"
[2020-05-13T00:37:22.963] [ERROR] access - ::1 - - "GET /public/development/third_party/mdbootstrap/js/popper.min.js.map HTTP/1.1" 404 202 "" "Mozilla/5.0 (iPhone; CPU iPhone OS 13_2_3 like Mac OS X) AppleWebKit/605.1.15 (KHTML, like Gecko) Version/13.0.3 Mobile/15E148 Safari/604.1"
[2020-05-13T00:37:22.964] [ERROR] access - ::1 - - "GET /public/development/third_party/mdbootstrap/js/bootstrap.min.js.map HTTP/1.1" 404 205 "" "Mozilla/5.0 (iPhone; CPU iPhone OS 13_2_3 like Mac OS X) AppleWebKit/605.1.15 (KHTML, like Gecko) Version/13.0.3 Mobile/15E148 Safari/604.1"
[2020-05-13T00:37:22.964] [ERROR] access - ::1 - - "GET /public/development/third_party/mdbootstrap/css/bootstrap.min.css.map HTTP/1.1" 404 207 "" "Mozilla/5.0 (iPhone; CPU iPhone OS 13_2_3 like Mac OS X) AppleWebKit/605.1.15 (KHTML, like Gecko) Version/13.0.3 Mobile/15E148 Safari/604.1"
[2020-05-13T00:37:27.407] [INFO] access - ::1 - - "GET / HTTP/1.1" 200 7387 "" "Mozilla/5.0 (iPhone; CPU iPhone OS 13_2_3 like Mac OS X) AppleWebKit/605.1.15 (KHTML, like Gecko) Version/13.0.3 Mobile/15E148 Safari/604.1"
[2020-05-13T00:37:27.586] [ERROR] access - ::1 - - "GET /public/development/third_party/mdbootstrap/js/popper.min.js.map HTTP/1.1" 404 202 "" "Mozilla/5.0 (iPhone; CPU iPhone OS 13_2_3 like Mac OS X) AppleWebKit/605.1.15 (KHTML, like Gecko) Version/13.0.3 Mobile/15E148 Safari/604.1"
[2020-05-13T00:37:27.587] [ERROR] access - ::1 - - "GET /public/development/third_party/mdbootstrap/js/bootstrap.min.js.map HTTP/1.1" 404 205 "" "Mozilla/5.0 (iPhone; CPU iPhone OS 13_2_3 like Mac OS X) AppleWebKit/605.1.15 (KHTML, like Gecko) Version/13.0.3 Mobile/15E148 Safari/604.1"
[2020-05-13T00:37:27.692] [ERROR] access - ::1 - - "GET /public/development/third_party/mdbootstrap/css/bootstrap.min.css.map HTTP/1.1" 404 207 "" "Mozilla/5.0 (iPhone; CPU iPhone OS 13_2_3 like Mac OS X) AppleWebKit/605.1.15 (KHTML, like Gecko) Version/13.0.3 Mobile/15E148 Safari/604.1"
[2020-05-13T00:37:37.750] [WARN] access - ::1 - - "GET /works HTTP/1.1" 304 - "http://localhost:3000/" "Mozilla/5.0 (iPhone; CPU iPhone OS 13_2_3 like Mac OS X) AppleWebKit/605.1.15 (KHTML, like Gecko) Version/13.0.3 Mobile/15E148 Safari/604.1"
[2020-05-13T00:37:37.911] [ERROR] access - ::1 - - "GET /public/development/third_party/mdbootstrap/js/popper.min.js.map HTTP/1.1" 404 202 "" "Mozilla/5.0 (iPhone; CPU iPhone OS 13_2_3 like Mac OS X) AppleWebKit/605.1.15 (KHTML, like Gecko) Version/13.0.3 Mobile/15E148 Safari/604.1"
[2020-05-13T00:37:37.912] [ERROR] access - ::1 - - "GET /public/development/third_party/mdbootstrap/js/bootstrap.min.js.map HTTP/1.1" 404 205 "" "Mozilla/5.0 (iPhone; CPU iPhone OS 13_2_3 like Mac OS X) AppleWebKit/605.1.15 (KHTML, like Gecko) Version/13.0.3 Mobile/15E148 Safari/604.1"
[2020-05-13T00:37:38.044] [ERROR] access - ::1 - - "GET /public/development/third_party/mdbootstrap/css/bootstrap.min.css.map HTTP/1.1" 404 207 "" "Mozilla/5.0 (iPhone; CPU iPhone OS 13_2_3 like Mac OS X) AppleWebKit/605.1.15 (KHTML, like Gecko) Version/13.0.3 Mobile/15E148 Safari/604.1"
[2020-05-13T00:37:42.190] [WARN] access - ::1 - - "GET /works HTTP/1.1" 304 - "http://localhost:3000/" "Mozilla/5.0 (iPhone; CPU iPhone OS 13_2_3 like Mac OS X) AppleWebKit/605.1.15 (KHTML, like Gecko) Version/13.0.3 Mobile/15E148 Safari/604.1"
[2020-05-13T00:37:42.300] [ERROR] access - ::1 - - "GET /public/development/third_party/mdbootstrap/js/popper.min.js.map HTTP/1.1" 404 202 "" "Mozilla/5.0 (iPhone; CPU iPhone OS 13_2_3 like Mac OS X) AppleWebKit/605.1.15 (KHTML, like Gecko) Version/13.0.3 Mobile/15E148 Safari/604.1"
[2020-05-13T00:37:42.301] [ERROR] access - ::1 - - "GET /public/development/third_party/mdbootstrap/js/bootstrap.min.js.map HTTP/1.1" 404 205 "" "Mozilla/5.0 (iPhone; CPU iPhone OS 13_2_3 like Mac OS X) AppleWebKit/605.1.15 (KHTML, like Gecko) Version/13.0.3 Mobile/15E148 Safari/604.1"
[2020-05-13T00:37:42.447] [ERROR] access - ::1 - - "GET /public/development/third_party/mdbootstrap/css/bootstrap.min.css.map HTTP/1.1" 404 207 "" "Mozilla/5.0 (iPhone; CPU iPhone OS 13_2_3 like Mac OS X) AppleWebKit/605.1.15 (KHTML, like Gecko) Version/13.0.3 Mobile/15E148 Safari/604.1"
[2020-05-13T00:37:45.794] [WARN] access - ::1 - - "GET /works HTTP/1.1" 304 - "http://localhost:3000/works" "Mozilla/5.0 (iPhone; CPU iPhone OS 13_2_3 like Mac OS X) AppleWebKit/605.1.15 (KHTML, like Gecko) Version/13.0.3 Mobile/15E148 Safari/604.1"
[2020-05-13T00:37:45.922] [ERROR] access - ::1 - - "GET /public/development/third_party/mdbootstrap/js/popper.min.js.map HTTP/1.1" 404 202 "" "Mozilla/5.0 (iPhone; CPU iPhone OS 13_2_3 like Mac OS X) AppleWebKit/605.1.15 (KHTML, like Gecko) Version/13.0.3 Mobile/15E148 Safari/604.1"
[2020-05-13T00:37:45.924] [ERROR] access - ::1 - - "GET /public/development/third_party/mdbootstrap/js/bootstrap.min.js.map HTTP/1.1" 404 205 "" "Mozilla/5.0 (iPhone; CPU iPhone OS 13_2_3 like Mac OS X) AppleWebKit/605.1.15 (KHTML, like Gecko) Version/13.0.3 Mobile/15E148 Safari/604.1"
[2020-05-13T00:37:46.017] [ERROR] access - ::1 - - "GET /public/development/third_party/mdbootstrap/css/bootstrap.min.css.map HTTP/1.1" 404 207 "" "Mozilla/5.0 (iPhone; CPU iPhone OS 13_2_3 like Mac OS X) AppleWebKit/605.1.15 (KHTML, like Gecko) Version/13.0.3 Mobile/15E148 Safari/604.1"
[2020-05-13T00:39:12.829] [WARN] access - ::1 - - "GET /works HTTP/1.1" 304 - "http://localhost:3000/works" "Mozilla/5.0 (iPhone; CPU iPhone OS 13_2_3 like Mac OS X) AppleWebKit/605.1.15 (KHTML, like Gecko) Version/13.0.3 Mobile/15E148 Safari/604.1"
[2020-05-13T00:39:13.092] [ERROR] access - ::1 - - "GET /public/development/third_party/mdbootstrap/js/popper.min.js.map HTTP/1.1" 404 202 "" "Mozilla/5.0 (iPhone; CPU iPhone OS 13_2_3 like Mac OS X) AppleWebKit/605.1.15 (KHTML, like Gecko) Version/13.0.3 Mobile/15E148 Safari/604.1"
[2020-05-13T00:39:13.093] [ERROR] access - ::1 - - "GET /public/development/third_party/mdbootstrap/js/bootstrap.min.js.map HTTP/1.1" 404 205 "" "Mozilla/5.0 (iPhone; CPU iPhone OS 13_2_3 like Mac OS X) AppleWebKit/605.1.15 (KHTML, like Gecko) Version/13.0.3 Mobile/15E148 Safari/604.1"
[2020-05-13T00:39:13.289] [ERROR] access - ::1 - - "GET /public/development/third_party/mdbootstrap/css/bootstrap.min.css.map HTTP/1.1" 404 207 "" "Mozilla/5.0 (iPhone; CPU iPhone OS 13_2_3 like Mac OS X) AppleWebKit/605.1.15 (KHTML, like Gecko) Version/13.0.3 Mobile/15E148 Safari/604.1"
[2020-05-13T00:39:44.762] [INFO] access - ::1 - - "GET /works HTTP/1.1" 200 2600 "http://localhost:3000/works" "Mozilla/5.0 (iPhone; CPU iPhone OS 13_2_3 like Mac OS X) AppleWebKit/605.1.15 (KHTML, like Gecko) Version/13.0.3 Mobile/15E148 Safari/604.1"
[2020-05-13T00:39:45.061] [ERROR] access - ::1 - - "GET /public/development/third_party/mdbootstrap/js/popper.min.js.map HTTP/1.1" 404 202 "" "Mozilla/5.0 (iPhone; CPU iPhone OS 13_2_3 like Mac OS X) AppleWebKit/605.1.15 (KHTML, like Gecko) Version/13.0.3 Mobile/15E148 Safari/604.1"
[2020-05-13T00:39:45.122] [ERROR] access - ::1 - - "GET /public/development/third_party/mdbootstrap/css/bootstrap.min.css.map HTTP/1.1" 404 207 "" "Mozilla/5.0 (iPhone; CPU iPhone OS 13_2_3 like Mac OS X) AppleWebKit/605.1.15 (KHTML, like Gecko) Version/13.0.3 Mobile/15E148 Safari/604.1"
[2020-05-13T00:39:45.154] [ERROR] access - ::1 - - "GET /public/development/third_party/mdbootstrap/js/bootstrap.min.js.map HTTP/1.1" 404 205 "" "Mozilla/5.0 (iPhone; CPU iPhone OS 13_2_3 like Mac OS X) AppleWebKit/605.1.15 (KHTML, like Gecko) Version/13.0.3 Mobile/15E148 Safari/604.1"
[2020-05-13T00:39:48.432] [WARN] access - ::1 - - "GET / HTTP/1.1" 304 - "http://localhost:3000/works" "Mozilla/5.0 (iPhone; CPU iPhone OS 13_2_3 like Mac OS X) AppleWebKit/605.1.15 (KHTML, like Gecko) Version/13.0.3 Mobile/15E148 Safari/604.1"
[2020-05-13T00:39:48.563] [ERROR] access - ::1 - - "GET /public/development/third_party/mdbootstrap/js/popper.min.js.map HTTP/1.1" 404 202 "" "Mozilla/5.0 (iPhone; CPU iPhone OS 13_2_3 like Mac OS X) AppleWebKit/605.1.15 (KHTML, like Gecko) Version/13.0.3 Mobile/15E148 Safari/604.1"
[2020-05-13T00:39:48.565] [ERROR] access - ::1 - - "GET /public/development/third_party/mdbootstrap/js/bootstrap.min.js.map HTTP/1.1" 404 205 "" "Mozilla/5.0 (iPhone; CPU iPhone OS 13_2_3 like Mac OS X) AppleWebKit/605.1.15 (KHTML, like Gecko) Version/13.0.3 Mobile/15E148 Safari/604.1"
[2020-05-13T00:39:48.652] [ERROR] access - ::1 - - "GET /public/development/third_party/mdbootstrap/css/bootstrap.min.css.map HTTP/1.1" 404 207 "" "Mozilla/5.0 (iPhone; CPU iPhone OS 13_2_3 like Mac OS X) AppleWebKit/605.1.15 (KHTML, like Gecko) Version/13.0.3 Mobile/15E148 Safari/604.1"
[2020-05-13T00:39:51.047] [WARN] access - ::1 - - "GET /works HTTP/1.1" 304 - "http://localhost:3000/" "Mozilla/5.0 (iPhone; CPU iPhone OS 13_2_3 like Mac OS X) AppleWebKit/605.1.15 (KHTML, like Gecko) Version/13.0.3 Mobile/15E148 Safari/604.1"
[2020-05-13T00:39:51.201] [ERROR] access - ::1 - - "GET /public/development/third_party/mdbootstrap/js/popper.min.js.map HTTP/1.1" 404 202 "" "Mozilla/5.0 (iPhone; CPU iPhone OS 13_2_3 like Mac OS X) AppleWebKit/605.1.15 (KHTML, like Gecko) Version/13.0.3 Mobile/15E148 Safari/604.1"
[2020-05-13T00:39:51.202] [ERROR] access - ::1 - - "GET /public/development/third_party/mdbootstrap/js/bootstrap.min.js.map HTTP/1.1" 404 205 "" "Mozilla/5.0 (iPhone; CPU iPhone OS 13_2_3 like Mac OS X) AppleWebKit/605.1.15 (KHTML, like Gecko) Version/13.0.3 Mobile/15E148 Safari/604.1"
[2020-05-13T00:39:51.302] [ERROR] access - ::1 - - "GET /public/development/third_party/mdbootstrap/css/bootstrap.min.css.map HTTP/1.1" 404 207 "" "Mozilla/5.0 (iPhone; CPU iPhone OS 13_2_3 like Mac OS X) AppleWebKit/605.1.15 (KHTML, like Gecko) Version/13.0.3 Mobile/15E148 Safari/604.1"
[2020-05-13T00:39:56.630] [WARN] access - ::1 - - "GET / HTTP/1.1" 304 - "http://localhost:3000/works" "Mozilla/5.0 (iPhone; CPU iPhone OS 13_2_3 like Mac OS X) AppleWebKit/605.1.15 (KHTML, like Gecko) Version/13.0.3 Mobile/15E148 Safari/604.1"
[2020-05-13T00:39:56.828] [ERROR] access - ::1 - - "GET /public/development/third_party/mdbootstrap/css/bootstrap.min.css.map HTTP/1.1" 404 207 "" "Mozilla/5.0 (iPhone; CPU iPhone OS 13_2_3 like Mac OS X) AppleWebKit/605.1.15 (KHTML, like Gecko) Version/13.0.3 Mobile/15E148 Safari/604.1"
[2020-05-13T00:39:56.832] [ERROR] access - ::1 - - "GET /public/development/third_party/mdbootstrap/js/popper.min.js.map HTTP/1.1" 404 202 "" "Mozilla/5.0 (iPhone; CPU iPhone OS 13_2_3 like Mac OS X) AppleWebKit/605.1.15 (KHTML, like Gecko) Version/13.0.3 Mobile/15E148 Safari/604.1"
[2020-05-13T00:39:56.856] [ERROR] access - ::1 - - "GET /public/development/third_party/mdbootstrap/js/bootstrap.min.js.map HTTP/1.1" 404 205 "" "Mozilla/5.0 (iPhone; CPU iPhone OS 13_2_3 like Mac OS X) AppleWebKit/605.1.15 (KHTML, like Gecko) Version/13.0.3 Mobile/15E148 Safari/604.1"
[2020-05-13T00:40:03.288] [WARN] access - ::1 - - "GET /works HTTP/1.1" 304 - "http://localhost:3000/" "Mozilla/5.0 (iPhone; CPU iPhone OS 13_2_3 like Mac OS X) AppleWebKit/605.1.15 (KHTML, like Gecko) Version/13.0.3 Mobile/15E148 Safari/604.1"
[2020-05-13T00:40:03.419] [ERROR] access - ::1 - - "GET /public/development/third_party/mdbootstrap/js/popper.min.js.map HTTP/1.1" 404 202 "" "Mozilla/5.0 (iPhone; CPU iPhone OS 13_2_3 like Mac OS X) AppleWebKit/605.1.15 (KHTML, like Gecko) Version/13.0.3 Mobile/15E148 Safari/604.1"
[2020-05-13T00:40:03.425] [ERROR] access - ::1 - - "GET /public/development/third_party/mdbootstrap/js/bootstrap.min.js.map HTTP/1.1" 404 205 "" "Mozilla/5.0 (iPhone; CPU iPhone OS 13_2_3 like Mac OS X) AppleWebKit/605.1.15 (KHTML, like Gecko) Version/13.0.3 Mobile/15E148 Safari/604.1"
[2020-05-13T00:40:03.531] [ERROR] access - ::1 - - "GET /public/development/third_party/mdbootstrap/css/bootstrap.min.css.map HTTP/1.1" 404 207 "" "Mozilla/5.0 (iPhone; CPU iPhone OS 13_2_3 like Mac OS X) AppleWebKit/605.1.15 (KHTML, like Gecko) Version/13.0.3 Mobile/15E148 Safari/604.1"
[2020-05-13T01:00:09.289] [INFO] access - ::1 - - "GET /works HTTP/1.1" 200 3046 "http://localhost:3000/" "Mozilla/5.0 (iPhone; CPU iPhone OS 13_2_3 like Mac OS X) AppleWebKit/605.1.15 (KHTML, like Gecko) Version/13.0.3 Mobile/15E148 Safari/604.1"
[2020-05-13T01:00:09.687] [ERROR] access - ::1 - - "GET /public/development/third_party/mdbootstrap/css/bootstrap.min.css.map HTTP/1.1" 404 207 "" "Mozilla/5.0 (iPhone; CPU iPhone OS 13_2_3 like Mac OS X) AppleWebKit/605.1.15 (KHTML, like Gecko) Version/13.0.3 Mobile/15E148 Safari/604.1"
[2020-05-13T01:00:09.824] [ERROR] access - ::1 - - "GET /public/development/third_party/mdbootstrap/js/popper.min.js.map HTTP/1.1" 404 202 "" "Mozilla/5.0 (iPhone; CPU iPhone OS 13_2_3 like Mac OS X) AppleWebKit/605.1.15 (KHTML, like Gecko) Version/13.0.3 Mobile/15E148 Safari/604.1"
[2020-05-13T01:00:09.825] [ERROR] access - ::1 - - "GET /public/development/third_party/mdbootstrap/js/bootstrap.min.js.map HTTP/1.1" 404 205 "" "Mozilla/5.0 (iPhone; CPU iPhone OS 13_2_3 like Mac OS X) AppleWebKit/605.1.15 (KHTML, like Gecko) Version/13.0.3 Mobile/15E148 Safari/604.1"
[2020-05-13T01:00:19.945] [INFO] access - ::1 - - "GET /works HTTP/1.1" 200 3059 "http://localhost:3000/" "Mozilla/5.0 (iPhone; CPU iPhone OS 13_2_3 like Mac OS X) AppleWebKit/605.1.15 (KHTML, like Gecko) Version/13.0.3 Mobile/15E148 Safari/604.1"
[2020-05-13T01:00:20.091] [ERROR] access - ::1 - - "GET /public/development/third_party/mdbootstrap/js/popper.min.js.map HTTP/1.1" 404 202 "" "Mozilla/5.0 (iPhone; CPU iPhone OS 13_2_3 like Mac OS X) AppleWebKit/605.1.15 (KHTML, like Gecko) Version/13.0.3 Mobile/15E148 Safari/604.1"
[2020-05-13T01:00:20.103] [ERROR] access - ::1 - - "GET /public/development/third_party/mdbootstrap/js/bootstrap.min.js.map HTTP/1.1" 404 205 "" "Mozilla/5.0 (iPhone; CPU iPhone OS 13_2_3 like Mac OS X) AppleWebKit/605.1.15 (KHTML, like Gecko) Version/13.0.3 Mobile/15E148 Safari/604.1"
[2020-05-13T01:00:20.169] [ERROR] access - ::1 - - "GET /public/development/third_party/mdbootstrap/css/bootstrap.min.css.map HTTP/1.1" 404 207 "" "Mozilla/5.0 (iPhone; CPU iPhone OS 13_2_3 like Mac OS X) AppleWebKit/605.1.15 (KHTML, like Gecko) Version/13.0.3 Mobile/15E148 Safari/604.1"
[2020-05-13T01:00:31.563] [INFO] access - ::1 - - "GET /works HTTP/1.1" 200 3079 "http://localhost:3000/" "Mozilla/5.0 (iPhone; CPU iPhone OS 13_2_3 like Mac OS X) AppleWebKit/605.1.15 (KHTML, like Gecko) Version/13.0.3 Mobile/15E148 Safari/604.1"
[2020-05-13T01:00:31.699] [ERROR] access - ::1 - - "GET /public/development/third_party/mdbootstrap/js/popper.min.js.map HTTP/1.1" 404 202 "" "Mozilla/5.0 (iPhone; CPU iPhone OS 13_2_3 like Mac OS X) AppleWebKit/605.1.15 (KHTML, like Gecko) Version/13.0.3 Mobile/15E148 Safari/604.1"
[2020-05-13T01:00:31.706] [ERROR] access - ::1 - - "GET /public/development/third_party/mdbootstrap/js/bootstrap.min.js.map HTTP/1.1" 404 205 "" "Mozilla/5.0 (iPhone; CPU iPhone OS 13_2_3 like Mac OS X) AppleWebKit/605.1.15 (KHTML, like Gecko) Version/13.0.3 Mobile/15E148 Safari/604.1"
[2020-05-13T01:00:31.839] [ERROR] access - ::1 - - "GET /public/development/third_party/mdbootstrap/css/bootstrap.min.css.map HTTP/1.1" 404 207 "" "Mozilla/5.0 (iPhone; CPU iPhone OS 13_2_3 like Mac OS X) AppleWebKit/605.1.15 (KHTML, like Gecko) Version/13.0.3 Mobile/15E148 Safari/604.1"
[2020-05-13T01:01:05.065] [INFO] access - ::1 - - "GET /works HTTP/1.1" 200 3082 "http://localhost:3000/" "Mozilla/5.0 (iPhone; CPU iPhone OS 13_2_3 like Mac OS X) AppleWebKit/605.1.15 (KHTML, like Gecko) Version/13.0.3 Mobile/15E148 Safari/604.1"
[2020-05-13T01:01:05.440] [ERROR] access - ::1 - - "GET /public/development/third_party/mdbootstrap/css/bootstrap.min.css.map HTTP/1.1" 404 207 "" "Mozilla/5.0 (iPhone; CPU iPhone OS 13_2_3 like Mac OS X) AppleWebKit/605.1.15 (KHTML, like Gecko) Version/13.0.3 Mobile/15E148 Safari/604.1"
[2020-05-13T01:01:05.529] [ERROR] access - ::1 - - "GET /public/development/third_party/mdbootstrap/js/popper.min.js.map HTTP/1.1" 404 202 "" "Mozilla/5.0 (iPhone; CPU iPhone OS 13_2_3 like Mac OS X) AppleWebKit/605.1.15 (KHTML, like Gecko) Version/13.0.3 Mobile/15E148 Safari/604.1"
[2020-05-13T01:01:05.531] [ERROR] access - ::1 - - "GET /public/development/third_party/mdbootstrap/js/bootstrap.min.js.map HTTP/1.1" 404 205 "" "Mozilla/5.0 (iPhone; CPU iPhone OS 13_2_3 like Mac OS X) AppleWebKit/605.1.15 (KHTML, like Gecko) Version/13.0.3 Mobile/15E148 Safari/604.1"
[2020-05-13T01:01:49.867] [INFO] access - ::1 - - "GET /works HTTP/1.1" 200 3124 "http://localhost:3000/" "Mozilla/5.0 (iPhone; CPU iPhone OS 13_2_3 like Mac OS X) AppleWebKit/605.1.15 (KHTML, like Gecko) Version/13.0.3 Mobile/15E148 Safari/604.1"
[2020-05-13T01:01:50.045] [ERROR] access - ::1 - - "GET /public/development/third_party/mdbootstrap/js/popper.min.js.map HTTP/1.1" 404 202 "" "Mozilla/5.0 (iPhone; CPU iPhone OS 13_2_3 like Mac OS X) AppleWebKit/605.1.15 (KHTML, like Gecko) Version/13.0.3 Mobile/15E148 Safari/604.1"
[2020-05-13T01:01:50.045] [ERROR] access - ::1 - - "GET /public/development/third_party/mdbootstrap/js/bootstrap.min.js.map HTTP/1.1" 404 205 "" "Mozilla/5.0 (iPhone; CPU iPhone OS 13_2_3 like Mac OS X) AppleWebKit/605.1.15 (KHTML, like Gecko) Version/13.0.3 Mobile/15E148 Safari/604.1"
[2020-05-13T01:01:50.301] [ERROR] access - ::1 - - "GET /public/development/third_party/mdbootstrap/css/bootstrap.min.css.map HTTP/1.1" 404 207 "" "Mozilla/5.0 (iPhone; CPU iPhone OS 13_2_3 like Mac OS X) AppleWebKit/605.1.15 (KHTML, like Gecko) Version/13.0.3 Mobile/15E148 Safari/604.1"
[2020-05-13T01:01:59.454] [INFO] access - ::1 - - "GET /works HTTP/1.1" 200 3147 "http://localhost:3000/" "Mozilla/5.0 (iPhone; CPU iPhone OS 13_2_3 like Mac OS X) AppleWebKit/605.1.15 (KHTML, like Gecko) Version/13.0.3 Mobile/15E148 Safari/604.1"
[2020-05-13T01:01:59.669] [ERROR] access - ::1 - - "GET /public/development/third_party/mdbootstrap/js/popper.min.js.map HTTP/1.1" 404 202 "" "Mozilla/5.0 (iPhone; CPU iPhone OS 13_2_3 like Mac OS X) AppleWebKit/605.1.15 (KHTML, like Gecko) Version/13.0.3 Mobile/15E148 Safari/604.1"
[2020-05-13T01:01:59.671] [ERROR] access - ::1 - - "GET /public/development/third_party/mdbootstrap/js/bootstrap.min.js.map HTTP/1.1" 404 205 "" "Mozilla/5.0 (iPhone; CPU iPhone OS 13_2_3 like Mac OS X) AppleWebKit/605.1.15 (KHTML, like Gecko) Version/13.0.3 Mobile/15E148 Safari/604.1"
[2020-05-13T01:01:59.730] [ERROR] access - ::1 - - "GET /public/development/third_party/mdbootstrap/css/bootstrap.min.css.map HTTP/1.1" 404 207 "" "Mozilla/5.0 (iPhone; CPU iPhone OS 13_2_3 like Mac OS X) AppleWebKit/605.1.15 (KHTML, like Gecko) Version/13.0.3 Mobile/15E148 Safari/604.1"
[2020-05-13T01:02:11.276] [INFO] access - ::1 - - "GET /works HTTP/1.1" 200 3160 "http://localhost:3000/" "Mozilla/5.0 (iPhone; CPU iPhone OS 13_2_3 like Mac OS X) AppleWebKit/605.1.15 (KHTML, like Gecko) Version/13.0.3 Mobile/15E148 Safari/604.1"
[2020-05-13T01:02:11.517] [ERROR] access - ::1 - - "GET /public/development/third_party/mdbootstrap/js/popper.min.js.map HTTP/1.1" 404 202 "" "Mozilla/5.0 (iPhone; CPU iPhone OS 13_2_3 like Mac OS X) AppleWebKit/605.1.15 (KHTML, like Gecko) Version/13.0.3 Mobile/15E148 Safari/604.1"
[2020-05-13T01:02:11.517] [ERROR] access - ::1 - - "GET /public/development/third_party/mdbootstrap/js/bootstrap.min.js.map HTTP/1.1" 404 205 "" "Mozilla/5.0 (iPhone; CPU iPhone OS 13_2_3 like Mac OS X) AppleWebKit/605.1.15 (KHTML, like Gecko) Version/13.0.3 Mobile/15E148 Safari/604.1"
[2020-05-13T01:02:11.547] [ERROR] access - ::1 - - "GET /public/development/third_party/mdbootstrap/css/bootstrap.min.css.map HTTP/1.1" 404 207 "" "Mozilla/5.0 (iPhone; CPU iPhone OS 13_2_3 like Mac OS X) AppleWebKit/605.1.15 (KHTML, like Gecko) Version/13.0.3 Mobile/15E148 Safari/604.1"
[2020-05-13T01:02:25.121] [INFO] access - ::1 - - "GET /works HTTP/1.1" 200 3196 "http://localhost:3000/" "Mozilla/5.0 (iPhone; CPU iPhone OS 13_2_3 like Mac OS X) AppleWebKit/605.1.15 (KHTML, like Gecko) Version/13.0.3 Mobile/15E148 Safari/604.1"
[2020-05-13T01:02:25.306] [ERROR] access - ::1 - - "GET /public/development/third_party/mdbootstrap/css/bootstrap.min.css.map HTTP/1.1" 404 207 "" "Mozilla/5.0 (iPhone; CPU iPhone OS 13_2_3 like Mac OS X) AppleWebKit/605.1.15 (KHTML, like Gecko) Version/13.0.3 Mobile/15E148 Safari/604.1"
[2020-05-13T01:02:25.322] [ERROR] access - ::1 - - "GET /public/development/third_party/mdbootstrap/js/popper.min.js.map HTTP/1.1" 404 202 "" "Mozilla/5.0 (iPhone; CPU iPhone OS 13_2_3 like Mac OS X) AppleWebKit/605.1.15 (KHTML, like Gecko) Version/13.0.3 Mobile/15E148 Safari/604.1"
[2020-05-13T01:02:25.340] [ERROR] access - ::1 - - "GET /public/development/third_party/mdbootstrap/js/bootstrap.min.js.map HTTP/1.1" 404 205 "" "Mozilla/5.0 (iPhone; CPU iPhone OS 13_2_3 like Mac OS X) AppleWebKit/605.1.15 (KHTML, like Gecko) Version/13.0.3 Mobile/15E148 Safari/604.1"
[2020-05-13T01:02:34.186] [INFO] access - ::1 - - "GET /works HTTP/1.1" 200 3208 "http://localhost:3000/" "Mozilla/5.0 (iPhone; CPU iPhone OS 13_2_3 like Mac OS X) AppleWebKit/605.1.15 (KHTML, like Gecko) Version/13.0.3 Mobile/15E148 Safari/604.1"
[2020-05-13T01:02:34.341] [ERROR] access - ::1 - - "GET /public/development/third_party/mdbootstrap/js/popper.min.js.map HTTP/1.1" 404 202 "" "Mozilla/5.0 (iPhone; CPU iPhone OS 13_2_3 like Mac OS X) AppleWebKit/605.1.15 (KHTML, like Gecko) Version/13.0.3 Mobile/15E148 Safari/604.1"
[2020-05-13T01:02:34.369] [ERROR] access - ::1 - - "GET /public/development/third_party/mdbootstrap/js/bootstrap.min.js.map HTTP/1.1" 404 205 "" "Mozilla/5.0 (iPhone; CPU iPhone OS 13_2_3 like Mac OS X) AppleWebKit/605.1.15 (KHTML, like Gecko) Version/13.0.3 Mobile/15E148 Safari/604.1"
[2020-05-13T01:02:34.446] [ERROR] access - ::1 - - "GET /public/development/third_party/mdbootstrap/css/bootstrap.min.css.map HTTP/1.1" 404 207 "" "Mozilla/5.0 (iPhone; CPU iPhone OS 13_2_3 like Mac OS X) AppleWebKit/605.1.15 (KHTML, like Gecko) Version/13.0.3 Mobile/15E148 Safari/604.1"
[2020-05-13T01:03:15.941] [INFO] access - ::1 - - "GET /works HTTP/1.1" 200 3205 "http://localhost:3000/" "Mozilla/5.0 (iPhone; CPU iPhone OS 13_2_3 like Mac OS X) AppleWebKit/605.1.15 (KHTML, like Gecko) Version/13.0.3 Mobile/15E148 Safari/604.1"
[2020-05-13T01:03:16.174] [ERROR] access - ::1 - - "GET /public/development/third_party/mdbootstrap/js/popper.min.js.map HTTP/1.1" 404 202 "" "Mozilla/5.0 (iPhone; CPU iPhone OS 13_2_3 like Mac OS X) AppleWebKit/605.1.15 (KHTML, like Gecko) Version/13.0.3 Mobile/15E148 Safari/604.1"
[2020-05-13T01:03:16.176] [ERROR] access - ::1 - - "GET /public/development/third_party/mdbootstrap/js/bootstrap.min.js.map HTTP/1.1" 404 205 "" "Mozilla/5.0 (iPhone; CPU iPhone OS 13_2_3 like Mac OS X) AppleWebKit/605.1.15 (KHTML, like Gecko) Version/13.0.3 Mobile/15E148 Safari/604.1"
[2020-05-13T01:03:16.235] [ERROR] access - ::1 - - "GET /public/development/third_party/mdbootstrap/css/bootstrap.min.css.map HTTP/1.1" 404 207 "" "Mozilla/5.0 (iPhone; CPU iPhone OS 13_2_3 like Mac OS X) AppleWebKit/605.1.15 (KHTML, like Gecko) Version/13.0.3 Mobile/15E148 Safari/604.1"
[2020-05-13T01:03:49.884] [INFO] access - ::1 - - "GET /works HTTP/1.1" 200 3287 "http://localhost:3000/" "Mozilla/5.0 (iPhone; CPU iPhone OS 13_2_3 like Mac OS X) AppleWebKit/605.1.15 (KHTML, like Gecko) Version/13.0.3 Mobile/15E148 Safari/604.1"
[2020-05-13T01:03:50.163] [ERROR] access - ::1 - - "GET /public/development/third_party/mdbootstrap/js/popper.min.js.map HTTP/1.1" 404 202 "" "Mozilla/5.0 (iPhone; CPU iPhone OS 13_2_3 like Mac OS X) AppleWebKit/605.1.15 (KHTML, like Gecko) Version/13.0.3 Mobile/15E148 Safari/604.1"
[2020-05-13T01:03:50.196] [ERROR] access - ::1 - - "GET /public/development/third_party/mdbootstrap/js/bootstrap.min.js.map HTTP/1.1" 404 205 "" "Mozilla/5.0 (iPhone; CPU iPhone OS 13_2_3 like Mac OS X) AppleWebKit/605.1.15 (KHTML, like Gecko) Version/13.0.3 Mobile/15E148 Safari/604.1"
[2020-05-13T01:03:50.324] [ERROR] access - ::1 - - "GET /public/development/third_party/mdbootstrap/css/bootstrap.min.css.map HTTP/1.1" 404 207 "" "Mozilla/5.0 (iPhone; CPU iPhone OS 13_2_3 like Mac OS X) AppleWebKit/605.1.15 (KHTML, like Gecko) Version/13.0.3 Mobile/15E148 Safari/604.1"
[2020-05-13T01:04:08.718] [INFO] access - ::1 - - "GET /works HTTP/1.1" 200 3332 "http://localhost:3000/" "Mozilla/5.0 (iPhone; CPU iPhone OS 13_2_3 like Mac OS X) AppleWebKit/605.1.15 (KHTML, like Gecko) Version/13.0.3 Mobile/15E148 Safari/604.1"
[2020-05-13T01:04:08.909] [ERROR] access - ::1 - - "GET /public/development/third_party/mdbootstrap/js/popper.min.js.map HTTP/1.1" 404 202 "" "Mozilla/5.0 (iPhone; CPU iPhone OS 13_2_3 like Mac OS X) AppleWebKit/605.1.15 (KHTML, like Gecko) Version/13.0.3 Mobile/15E148 Safari/604.1"
[2020-05-13T01:04:08.909] [ERROR] access - ::1 - - "GET /public/development/third_party/mdbootstrap/js/bootstrap.min.js.map HTTP/1.1" 404 205 "" "Mozilla/5.0 (iPhone; CPU iPhone OS 13_2_3 like Mac OS X) AppleWebKit/605.1.15 (KHTML, like Gecko) Version/13.0.3 Mobile/15E148 Safari/604.1"
[2020-05-13T01:04:09.087] [ERROR] access - ::1 - - "GET /public/development/third_party/mdbootstrap/css/bootstrap.min.css.map HTTP/1.1" 404 207 "" "Mozilla/5.0 (iPhone; CPU iPhone OS 13_2_3 like Mac OS X) AppleWebKit/605.1.15 (KHTML, like Gecko) Version/13.0.3 Mobile/15E148 Safari/604.1"
[2020-05-13T01:06:02.649] [INFO] access - ::1 - - "GET /works HTTP/1.1" 200 3337 "http://localhost:3000/" "Mozilla/5.0 (iPhone; CPU iPhone OS 13_2_3 like Mac OS X) AppleWebKit/605.1.15 (KHTML, like Gecko) Version/13.0.3 Mobile/15E148 Safari/604.1"
[2020-05-13T01:06:03.075] [ERROR] access - ::1 - - "GET /public/development/third_party/mdbootstrap/js/popper.min.js.map HTTP/1.1" 404 202 "" "Mozilla/5.0 (iPhone; CPU iPhone OS 13_2_3 like Mac OS X) AppleWebKit/605.1.15 (KHTML, like Gecko) Version/13.0.3 Mobile/15E148 Safari/604.1"
[2020-05-13T01:06:03.076] [ERROR] access - ::1 - - "GET /public/development/third_party/mdbootstrap/js/bootstrap.min.js.map HTTP/1.1" 404 205 "" "Mozilla/5.0 (iPhone; CPU iPhone OS 13_2_3 like Mac OS X) AppleWebKit/605.1.15 (KHTML, like Gecko) Version/13.0.3 Mobile/15E148 Safari/604.1"
[2020-05-13T01:06:03.129] [ERROR] access - ::1 - - "GET /public/development/third_party/mdbootstrap/css/bootstrap.min.css.map HTTP/1.1" 404 207 "" "Mozilla/5.0 (iPhone; CPU iPhone OS 13_2_3 like Mac OS X) AppleWebKit/605.1.15 (KHTML, like Gecko) Version/13.0.3 Mobile/15E148 Safari/604.1"
[2020-05-13T01:06:24.006] [INFO] access - ::1 - - "GET /works HTTP/1.1" 200 3342 "http://localhost:3000/" "Mozilla/5.0 (iPhone; CPU iPhone OS 13_2_3 like Mac OS X) AppleWebKit/605.1.15 (KHTML, like Gecko) Version/13.0.3 Mobile/15E148 Safari/604.1"
[2020-05-13T01:06:24.335] [ERROR] access - ::1 - - "GET /public/development/third_party/mdbootstrap/js/popper.min.js.map HTTP/1.1" 404 202 "" "Mozilla/5.0 (iPhone; CPU iPhone OS 13_2_3 like Mac OS X) AppleWebKit/605.1.15 (KHTML, like Gecko) Version/13.0.3 Mobile/15E148 Safari/604.1"
[2020-05-13T01:06:24.338] [ERROR] access - ::1 - - "GET /public/development/third_party/mdbootstrap/js/bootstrap.min.js.map HTTP/1.1" 404 205 "" "Mozilla/5.0 (iPhone; CPU iPhone OS 13_2_3 like Mac OS X) AppleWebKit/605.1.15 (KHTML, like Gecko) Version/13.0.3 Mobile/15E148 Safari/604.1"
[2020-05-13T01:06:24.517] [ERROR] access - ::1 - - "GET /public/development/third_party/mdbootstrap/css/bootstrap.min.css.map HTTP/1.1" 404 207 "" "Mozilla/5.0 (iPhone; CPU iPhone OS 13_2_3 like Mac OS X) AppleWebKit/605.1.15 (KHTML, like Gecko) Version/13.0.3 Mobile/15E148 Safari/604.1"
[2020-05-13T01:06:50.785] [INFO] access - ::1 - - "GET /works HTTP/1.1" 200 3347 "http://localhost:3000/" "Mozilla/5.0 (iPhone; CPU iPhone OS 13_2_3 like Mac OS X) AppleWebKit/605.1.15 (KHTML, like Gecko) Version/13.0.3 Mobile/15E148 Safari/604.1"
[2020-05-13T01:06:50.967] [ERROR] access - ::1 - - "GET /public/development/third_party/mdbootstrap/js/popper.min.js.map HTTP/1.1" 404 202 "" "Mozilla/5.0 (iPhone; CPU iPhone OS 13_2_3 like Mac OS X) AppleWebKit/605.1.15 (KHTML, like Gecko) Version/13.0.3 Mobile/15E148 Safari/604.1"
[2020-05-13T01:06:50.974] [ERROR] access - ::1 - - "GET /public/development/third_party/mdbootstrap/js/bootstrap.min.js.map HTTP/1.1" 404 205 "" "Mozilla/5.0 (iPhone; CPU iPhone OS 13_2_3 like Mac OS X) AppleWebKit/605.1.15 (KHTML, like Gecko) Version/13.0.3 Mobile/15E148 Safari/604.1"
[2020-05-13T01:06:51.115] [ERROR] access - ::1 - - "GET /public/development/third_party/mdbootstrap/css/bootstrap.min.css.map HTTP/1.1" 404 207 "" "Mozilla/5.0 (iPhone; CPU iPhone OS 13_2_3 like Mac OS X) AppleWebKit/605.1.15 (KHTML, like Gecko) Version/13.0.3 Mobile/15E148 Safari/604.1"
[2020-05-13T01:06:58.230] [INFO] access - ::1 - - "GET /works HTTP/1.1" 200 3360 "http://localhost:3000/" "Mozilla/5.0 (iPhone; CPU iPhone OS 13_2_3 like Mac OS X) AppleWebKit/605.1.15 (KHTML, like Gecko) Version/13.0.3 Mobile/15E148 Safari/604.1"
[2020-05-13T01:06:58.442] [ERROR] access - ::1 - - "GET /public/development/third_party/mdbootstrap/js/popper.min.js.map HTTP/1.1" 404 202 "" "Mozilla/5.0 (iPhone; CPU iPhone OS 13_2_3 like Mac OS X) AppleWebKit/605.1.15 (KHTML, like Gecko) Version/13.0.3 Mobile/15E148 Safari/604.1"
[2020-05-13T01:06:58.444] [ERROR] access - ::1 - - "GET /public/development/third_party/mdbootstrap/js/bootstrap.min.js.map HTTP/1.1" 404 205 "" "Mozilla/5.0 (iPhone; CPU iPhone OS 13_2_3 like Mac OS X) AppleWebKit/605.1.15 (KHTML, like Gecko) Version/13.0.3 Mobile/15E148 Safari/604.1"
[2020-05-13T01:06:58.513] [ERROR] access - ::1 - - "GET /public/development/third_party/mdbootstrap/css/bootstrap.min.css.map HTTP/1.1" 404 207 "" "Mozilla/5.0 (iPhone; CPU iPhone OS 13_2_3 like Mac OS X) AppleWebKit/605.1.15 (KHTML, like Gecko) Version/13.0.3 Mobile/15E148 Safari/604.1"
[2020-05-13T01:07:09.513] [INFO] access - ::1 - - "GET /works HTTP/1.1" 200 3360 "http://localhost:3000/" "Mozilla/5.0 (iPhone; CPU iPhone OS 13_2_3 like Mac OS X) AppleWebKit/605.1.15 (KHTML, like Gecko) Version/13.0.3 Mobile/15E148 Safari/604.1"
[2020-05-13T01:07:09.643] [ERROR] access - ::1 - - "GET /public/development/third_party/mdbootstrap/js/popper.min.js.map HTTP/1.1" 404 202 "" "Mozilla/5.0 (iPhone; CPU iPhone OS 13_2_3 like Mac OS X) AppleWebKit/605.1.15 (KHTML, like Gecko) Version/13.0.3 Mobile/15E148 Safari/604.1"
[2020-05-13T01:07:09.645] [ERROR] access - ::1 - - "GET /public/development/third_party/mdbootstrap/js/bootstrap.min.js.map HTTP/1.1" 404 205 "" "Mozilla/5.0 (iPhone; CPU iPhone OS 13_2_3 like Mac OS X) AppleWebKit/605.1.15 (KHTML, like Gecko) Version/13.0.3 Mobile/15E148 Safari/604.1"
[2020-05-13T01:07:09.782] [ERROR] access - ::1 - - "GET /public/development/third_party/mdbootstrap/css/bootstrap.min.css.map HTTP/1.1" 404 207 "" "Mozilla/5.0 (iPhone; CPU iPhone OS 13_2_3 like Mac OS X) AppleWebKit/605.1.15 (KHTML, like Gecko) Version/13.0.3 Mobile/15E148 Safari/604.1"
[2020-05-13T01:07:27.333] [INFO] access - ::1 - - "GET /works HTTP/1.1" 200 3377 "http://localhost:3000/" "Mozilla/5.0 (iPhone; CPU iPhone OS 13_2_3 like Mac OS X) AppleWebKit/605.1.15 (KHTML, like Gecko) Version/13.0.3 Mobile/15E148 Safari/604.1"
[2020-05-13T01:07:27.695] [ERROR] access - ::1 - - "GET /public/development/third_party/mdbootstrap/js/popper.min.js.map HTTP/1.1" 404 202 "" "Mozilla/5.0 (iPhone; CPU iPhone OS 13_2_3 like Mac OS X) AppleWebKit/605.1.15 (KHTML, like Gecko) Version/13.0.3 Mobile/15E148 Safari/604.1"
[2020-05-13T01:07:27.697] [ERROR] access - ::1 - - "GET /public/development/third_party/mdbootstrap/js/bootstrap.min.js.map HTTP/1.1" 404 205 "" "Mozilla/5.0 (iPhone; CPU iPhone OS 13_2_3 like Mac OS X) AppleWebKit/605.1.15 (KHTML, like Gecko) Version/13.0.3 Mobile/15E148 Safari/604.1"
[2020-05-13T01:07:27.750] [ERROR] access - ::1 - - "GET /public/development/third_party/mdbootstrap/css/bootstrap.min.css.map HTTP/1.1" 404 207 "" "Mozilla/5.0 (iPhone; CPU iPhone OS 13_2_3 like Mac OS X) AppleWebKit/605.1.15 (KHTML, like Gecko) Version/13.0.3 Mobile/15E148 Safari/604.1"
[2020-05-13T01:08:03.906] [INFO] access - ::1 - - "GET /works HTTP/1.1" 200 3388 "http://localhost:3000/" "Mozilla/5.0 (iPhone; CPU iPhone OS 13_2_3 like Mac OS X) AppleWebKit/605.1.15 (KHTML, like Gecko) Version/13.0.3 Mobile/15E148 Safari/604.1"
[2020-05-13T01:08:04.183] [ERROR] access - ::1 - - "GET /public/development/third_party/mdbootstrap/js/popper.min.js.map HTTP/1.1" 404 202 "" "Mozilla/5.0 (iPhone; CPU iPhone OS 13_2_3 like Mac OS X) AppleWebKit/605.1.15 (KHTML, like Gecko) Version/13.0.3 Mobile/15E148 Safari/604.1"
[2020-05-13T01:08:04.192] [ERROR] access - ::1 - - "GET /public/development/third_party/mdbootstrap/js/bootstrap.min.js.map HTTP/1.1" 404 205 "" "Mozilla/5.0 (iPhone; CPU iPhone OS 13_2_3 like Mac OS X) AppleWebKit/605.1.15 (KHTML, like Gecko) Version/13.0.3 Mobile/15E148 Safari/604.1"
[2020-05-13T01:08:04.358] [ERROR] access - ::1 - - "GET /public/development/third_party/mdbootstrap/css/bootstrap.min.css.map HTTP/1.1" 404 207 "" "Mozilla/5.0 (iPhone; CPU iPhone OS 13_2_3 like Mac OS X) AppleWebKit/605.1.15 (KHTML, like Gecko) Version/13.0.3 Mobile/15E148 Safari/604.1"
[2020-05-13T01:09:47.597] [ERROR] access - ::1 - - "GET /works HTTP/1.1" 500 2828 "http://localhost:3000/" "Mozilla/5.0 (iPhone; CPU iPhone OS 13_2_3 like Mac OS X) AppleWebKit/605.1.15 (KHTML, like Gecko) Version/13.0.3 Mobile/15E148 Safari/604.1"
[2020-05-13T01:09:49.388] [ERROR] access - ::1 - - "GET /works HTTP/1.1" 500 2828 "http://localhost:3000/" "Mozilla/5.0 (iPhone; CPU iPhone OS 13_2_3 like Mac OS X) AppleWebKit/605.1.15 (KHTML, like Gecko) Version/13.0.3 Mobile/15E148 Safari/604.1"
[2020-05-13T01:10:24.039] [INFO] access - ::1 - - "GET /works HTTP/1.1" 200 3764 "http://localhost:3000/" "Mozilla/5.0 (iPhone; CPU iPhone OS 13_2_3 like Mac OS X) AppleWebKit/605.1.15 (KHTML, like Gecko) Version/13.0.3 Mobile/15E148 Safari/604.1"
[2020-05-13T01:10:24.457] [ERROR] access - ::1 - - "GET /public/development/third_party/mdbootstrap/js/popper.min.js.map HTTP/1.1" 404 202 "" "Mozilla/5.0 (iPhone; CPU iPhone OS 13_2_3 like Mac OS X) AppleWebKit/605.1.15 (KHTML, like Gecko) Version/13.0.3 Mobile/15E148 Safari/604.1"
[2020-05-13T01:10:24.529] [ERROR] access - ::1 - - "GET /public/development/third_party/mdbootstrap/css/bootstrap.min.css.map HTTP/1.1" 404 207 "" "Mozilla/5.0 (iPhone; CPU iPhone OS 13_2_3 like Mac OS X) AppleWebKit/605.1.15 (KHTML, like Gecko) Version/13.0.3 Mobile/15E148 Safari/604.1"
[2020-05-13T01:10:24.611] [ERROR] access - ::1 - - "GET /public/development/third_party/mdbootstrap/js/bootstrap.min.js.map HTTP/1.1" 404 205 "" "Mozilla/5.0 (iPhone; CPU iPhone OS 13_2_3 like Mac OS X) AppleWebKit/605.1.15 (KHTML, like Gecko) Version/13.0.3 Mobile/15E148 Safari/604.1"
[2020-05-13T01:10:38.557] [INFO] access - ::1 - - "GET /works HTTP/1.1" 200 3769 "http://localhost:3000/" "Mozilla/5.0 (iPhone; CPU iPhone OS 13_2_3 like Mac OS X) AppleWebKit/605.1.15 (KHTML, like Gecko) Version/13.0.3 Mobile/15E148 Safari/604.1"
[2020-05-13T01:10:38.725] [ERROR] access - ::1 - - "GET /public/development/third_party/mdbootstrap/js/popper.min.js.map HTTP/1.1" 404 202 "" "Mozilla/5.0 (iPhone; CPU iPhone OS 13_2_3 like Mac OS X) AppleWebKit/605.1.15 (KHTML, like Gecko) Version/13.0.3 Mobile/15E148 Safari/604.1"
[2020-05-13T01:10:38.738] [ERROR] access - ::1 - - "GET /public/development/third_party/mdbootstrap/js/bootstrap.min.js.map HTTP/1.1" 404 205 "" "Mozilla/5.0 (iPhone; CPU iPhone OS 13_2_3 like Mac OS X) AppleWebKit/605.1.15 (KHTML, like Gecko) Version/13.0.3 Mobile/15E148 Safari/604.1"
[2020-05-13T01:10:38.839] [ERROR] access - ::1 - - "GET /public/development/third_party/mdbootstrap/css/bootstrap.min.css.map HTTP/1.1" 404 207 "" "Mozilla/5.0 (iPhone; CPU iPhone OS 13_2_3 like Mac OS X) AppleWebKit/605.1.15 (KHTML, like Gecko) Version/13.0.3 Mobile/15E148 Safari/604.1"
[2020-05-13T01:11:01.236] [INFO] access - ::1 - - "GET /works HTTP/1.1" 200 4085 "http://localhost:3000/" "Mozilla/5.0 (iPhone; CPU iPhone OS 13_2_3 like Mac OS X) AppleWebKit/605.1.15 (KHTML, like Gecko) Version/13.0.3 Mobile/15E148 Safari/604.1"
[2020-05-13T01:11:01.689] [ERROR] access - ::1 - - "GET /public/development/third_party/mdbootstrap/js/popper.min.js.map HTTP/1.1" 404 202 "" "Mozilla/5.0 (iPhone; CPU iPhone OS 13_2_3 like Mac OS X) AppleWebKit/605.1.15 (KHTML, like Gecko) Version/13.0.3 Mobile/15E148 Safari/604.1"
[2020-05-13T01:11:01.689] [ERROR] access - ::1 - - "GET /public/development/third_party/mdbootstrap/js/bootstrap.min.js.map HTTP/1.1" 404 205 "" "Mozilla/5.0 (iPhone; CPU iPhone OS 13_2_3 like Mac OS X) AppleWebKit/605.1.15 (KHTML, like Gecko) Version/13.0.3 Mobile/15E148 Safari/604.1"
[2020-05-13T01:11:01.694] [ERROR] access - ::1 - - "GET /public/development/third_party/mdbootstrap/css/bootstrap.min.css.map HTTP/1.1" 404 207 "" "Mozilla/5.0 (iPhone; CPU iPhone OS 13_2_3 like Mac OS X) AppleWebKit/605.1.15 (KHTML, like Gecko) Version/13.0.3 Mobile/15E148 Safari/604.1"
[2020-05-13T01:11:15.639] [INFO] access - ::1 - - "GET /works HTTP/1.1" 200 4717 "http://localhost:3000/" "Mozilla/5.0 (iPhone; CPU iPhone OS 13_2_3 like Mac OS X) AppleWebKit/605.1.15 (KHTML, like Gecko) Version/13.0.3 Mobile/15E148 Safari/604.1"
[2020-05-13T01:11:15.788] [ERROR] access - ::1 - - "GET /public/development/third_party/mdbootstrap/js/popper.min.js.map HTTP/1.1" 404 202 "" "Mozilla/5.0 (iPhone; CPU iPhone OS 13_2_3 like Mac OS X) AppleWebKit/605.1.15 (KHTML, like Gecko) Version/13.0.3 Mobile/15E148 Safari/604.1"
[2020-05-13T01:11:15.796] [ERROR] access - ::1 - - "GET /public/development/third_party/mdbootstrap/js/bootstrap.min.js.map HTTP/1.1" 404 205 "" "Mozilla/5.0 (iPhone; CPU iPhone OS 13_2_3 like Mac OS X) AppleWebKit/605.1.15 (KHTML, like Gecko) Version/13.0.3 Mobile/15E148 Safari/604.1"
[2020-05-13T01:11:15.873] [ERROR] access - ::1 - - "GET /public/development/third_party/mdbootstrap/css/bootstrap.min.css.map HTTP/1.1" 404 207 "" "Mozilla/5.0 (iPhone; CPU iPhone OS 13_2_3 like Mac OS X) AppleWebKit/605.1.15 (KHTML, like Gecko) Version/13.0.3 Mobile/15E148 Safari/604.1"
[2020-05-13T01:11:38.014] [INFO] access - ::1 - - "GET /works HTTP/1.1" 200 4729 "http://localhost:3000/" "Mozilla/5.0 (iPhone; CPU iPhone OS 13_2_3 like Mac OS X) AppleWebKit/605.1.15 (KHTML, like Gecko) Version/13.0.3 Mobile/15E148 Safari/604.1"
[2020-05-13T01:11:38.228] [ERROR] access - ::1 - - "GET /public/development/third_party/mdbootstrap/js/popper.min.js.map HTTP/1.1" 404 202 "" "Mozilla/5.0 (iPhone; CPU iPhone OS 13_2_3 like Mac OS X) AppleWebKit/605.1.15 (KHTML, like Gecko) Version/13.0.3 Mobile/15E148 Safari/604.1"
[2020-05-13T01:11:38.229] [ERROR] access - ::1 - - "GET /public/development/third_party/mdbootstrap/js/bootstrap.min.js.map HTTP/1.1" 404 205 "" "Mozilla/5.0 (iPhone; CPU iPhone OS 13_2_3 like Mac OS X) AppleWebKit/605.1.15 (KHTML, like Gecko) Version/13.0.3 Mobile/15E148 Safari/604.1"
[2020-05-13T01:11:38.388] [ERROR] access - ::1 - - "GET /public/development/third_party/mdbootstrap/css/bootstrap.min.css.map HTTP/1.1" 404 207 "" "Mozilla/5.0 (iPhone; CPU iPhone OS 13_2_3 like Mac OS X) AppleWebKit/605.1.15 (KHTML, like Gecko) Version/13.0.3 Mobile/15E148 Safari/604.1"
[2020-05-13T01:11:52.018] [INFO] access - ::1 - - "GET /works HTTP/1.1" 200 4737 "http://localhost:3000/" "Mozilla/5.0 (iPhone; CPU iPhone OS 13_2_3 like Mac OS X) AppleWebKit/605.1.15 (KHTML, like Gecko) Version/13.0.3 Mobile/15E148 Safari/604.1"
[2020-05-13T01:11:52.158] [ERROR] access - ::1 - - "GET /public/development/third_party/mdbootstrap/js/popper.min.js.map HTTP/1.1" 404 202 "" "Mozilla/5.0 (iPhone; CPU iPhone OS 13_2_3 like Mac OS X) AppleWebKit/605.1.15 (KHTML, like Gecko) Version/13.0.3 Mobile/15E148 Safari/604.1"
[2020-05-13T01:11:52.213] [ERROR] access - ::1 - - "GET /public/development/third_party/mdbootstrap/css/bootstrap.min.css.map HTTP/1.1" 404 207 "" "Mozilla/5.0 (iPhone; CPU iPhone OS 13_2_3 like Mac OS X) AppleWebKit/605.1.15 (KHTML, like Gecko) Version/13.0.3 Mobile/15E148 Safari/604.1"
[2020-05-13T01:11:52.271] [ERROR] access - ::1 - - "GET /public/development/third_party/mdbootstrap/js/bootstrap.min.js.map HTTP/1.1" 404 205 "" "Mozilla/5.0 (iPhone; CPU iPhone OS 13_2_3 like Mac OS X) AppleWebKit/605.1.15 (KHTML, like Gecko) Version/13.0.3 Mobile/15E148 Safari/604.1"
[2020-05-13T01:12:25.137] [INFO] access - ::1 - - "GET /works HTTP/1.1" 200 4722 "http://localhost:3000/" "Mozilla/5.0 (iPhone; CPU iPhone OS 13_2_3 like Mac OS X) AppleWebKit/605.1.15 (KHTML, like Gecko) Version/13.0.3 Mobile/15E148 Safari/604.1"
[2020-05-13T01:12:25.366] [ERROR] access - ::1 - - "GET /public/development/third_party/mdbootstrap/js/popper.min.js.map HTTP/1.1" 404 202 "" "Mozilla/5.0 (iPhone; CPU iPhone OS 13_2_3 like Mac OS X) AppleWebKit/605.1.15 (KHTML, like Gecko) Version/13.0.3 Mobile/15E148 Safari/604.1"
[2020-05-13T01:12:25.384] [ERROR] access - ::1 - - "GET /public/development/third_party/mdbootstrap/js/bootstrap.min.js.map HTTP/1.1" 404 205 "" "Mozilla/5.0 (iPhone; CPU iPhone OS 13_2_3 like Mac OS X) AppleWebKit/605.1.15 (KHTML, like Gecko) Version/13.0.3 Mobile/15E148 Safari/604.1"
[2020-05-13T01:12:25.563] [ERROR] access - ::1 - - "GET /public/development/third_party/mdbootstrap/css/bootstrap.min.css.map HTTP/1.1" 404 207 "" "Mozilla/5.0 (iPhone; CPU iPhone OS 13_2_3 like Mac OS X) AppleWebKit/605.1.15 (KHTML, like Gecko) Version/13.0.3 Mobile/15E148 Safari/604.1"
[2020-05-13T01:12:36.496] [INFO] access - ::1 - - "GET /works HTTP/1.1" 200 4727 "http://localhost:3000/" "Mozilla/5.0 (iPhone; CPU iPhone OS 13_2_3 like Mac OS X) AppleWebKit/605.1.15 (KHTML, like Gecko) Version/13.0.3 Mobile/15E148 Safari/604.1"
[2020-05-13T01:12:36.737] [ERROR] access - ::1 - - "GET /public/development/third_party/mdbootstrap/js/popper.min.js.map HTTP/1.1" 404 202 "" "Mozilla/5.0 (iPhone; CPU iPhone OS 13_2_3 like Mac OS X) AppleWebKit/605.1.15 (KHTML, like Gecko) Version/13.0.3 Mobile/15E148 Safari/604.1"
[2020-05-13T01:12:36.737] [ERROR] access - ::1 - - "GET /public/development/third_party/mdbootstrap/js/bootstrap.min.js.map HTTP/1.1" 404 205 "" "Mozilla/5.0 (iPhone; CPU iPhone OS 13_2_3 like Mac OS X) AppleWebKit/605.1.15 (KHTML, like Gecko) Version/13.0.3 Mobile/15E148 Safari/604.1"
[2020-05-13T01:12:36.747] [ERROR] access - ::1 - - "GET /public/development/third_party/mdbootstrap/css/bootstrap.min.css.map HTTP/1.1" 404 207 "" "Mozilla/5.0 (iPhone; CPU iPhone OS 13_2_3 like Mac OS X) AppleWebKit/605.1.15 (KHTML, like Gecko) Version/13.0.3 Mobile/15E148 Safari/604.1"
[2020-05-13T01:12:50.519] [INFO] access - ::1 - - "GET /works HTTP/1.1" 200 4757 "http://localhost:3000/" "Mozilla/5.0 (iPhone; CPU iPhone OS 13_2_3 like Mac OS X) AppleWebKit/605.1.15 (KHTML, like Gecko) Version/13.0.3 Mobile/15E148 Safari/604.1"
[2020-05-13T01:12:50.682] [ERROR] access - ::1 - - "GET /public/development/third_party/mdbootstrap/js/popper.min.js.map HTTP/1.1" 404 202 "" "Mozilla/5.0 (iPhone; CPU iPhone OS 13_2_3 like Mac OS X) AppleWebKit/605.1.15 (KHTML, like Gecko) Version/13.0.3 Mobile/15E148 Safari/604.1"
[2020-05-13T01:12:50.785] [ERROR] access - ::1 - - "GET /public/development/third_party/mdbootstrap/js/bootstrap.min.js.map HTTP/1.1" 404 205 "" "Mozilla/5.0 (iPhone; CPU iPhone OS 13_2_3 like Mac OS X) AppleWebKit/605.1.15 (KHTML, like Gecko) Version/13.0.3 Mobile/15E148 Safari/604.1"
[2020-05-13T01:12:50.814] [ERROR] access - ::1 - - "GET /public/development/third_party/mdbootstrap/css/bootstrap.min.css.map HTTP/1.1" 404 207 "" "Mozilla/5.0 (iPhone; CPU iPhone OS 13_2_3 like Mac OS X) AppleWebKit/605.1.15 (KHTML, like Gecko) Version/13.0.3 Mobile/15E148 Safari/604.1"
[2020-05-13T01:14:35.262] [INFO] access - ::1 - - "GET /works HTTP/1.1" 200 4825 "http://localhost:3000/" "Mozilla/5.0 (iPhone; CPU iPhone OS 13_2_3 like Mac OS X) AppleWebKit/605.1.15 (KHTML, like Gecko) Version/13.0.3 Mobile/15E148 Safari/604.1"
[2020-05-13T01:14:35.577] [ERROR] access - ::1 - - "GET /public/development/third_party/mdbootstrap/js/popper.min.js.map HTTP/1.1" 404 202 "" "Mozilla/5.0 (iPhone; CPU iPhone OS 13_2_3 like Mac OS X) AppleWebKit/605.1.15 (KHTML, like Gecko) Version/13.0.3 Mobile/15E148 Safari/604.1"
[2020-05-13T01:14:35.668] [ERROR] access - ::1 - - "GET /public/development/third_party/mdbootstrap/js/bootstrap.min.js.map HTTP/1.1" 404 205 "" "Mozilla/5.0 (iPhone; CPU iPhone OS 13_2_3 like Mac OS X) AppleWebKit/605.1.15 (KHTML, like Gecko) Version/13.0.3 Mobile/15E148 Safari/604.1"
[2020-05-13T01:14:35.865] [ERROR] access - ::1 - - "GET /public/development/third_party/mdbootstrap/css/bootstrap.min.css.map HTTP/1.1" 404 207 "" "Mozilla/5.0 (iPhone; CPU iPhone OS 13_2_3 like Mac OS X) AppleWebKit/605.1.15 (KHTML, like Gecko) Version/13.0.3 Mobile/15E148 Safari/604.1"
